Release 14.7 - xst P.20131013 (nt)
Copyright (c) 1995-2013 Xilinx, Inc.  All rights reserved.
--> Parameter TMPDIR set to xst/projnav.tmp


Total REAL time to Xst completion: 0.00 secs
Total CPU time to Xst completion: 0.10 secs
 
--> Parameter xsthdpdir set to xst


Total REAL time to Xst completion: 0.00 secs
Total CPU time to Xst completion: 0.10 secs
 
--> Reading design: PEAK_DETECTOR.prj

TABLE OF CONTENTS
  1) Synthesis Options Summary
  2) HDL Parsing
  3) HDL Elaboration
  4) HDL Synthesis
       4.1) HDL Synthesis Report
  5) Advanced HDL Synthesis
       5.1) Advanced HDL Synthesis Report
  6) Low Level Synthesis
  7) Partition Report
  8) Design Summary
       8.1) Primitive and Black Box Usage
       8.2) Device utilization summary
       8.3) Partition Resource Summary
       8.4) Timing Report
            8.4.1) Clock Information
            8.4.2) Asynchronous Control Signals Information
            8.4.3) Timing Summary
            8.4.4) Timing Details
            8.4.5) Cross Clock Domains Report


=========================================================================
*                      Synthesis Options Summary                        *
=========================================================================
---- Source Parameters
Input File Name                    : "PEAK_DETECTOR.prj"
Ignore Synthesis Constraint File   : NO

---- Target Parameters
Output File Name                   : "PEAK_DETECTOR"
Output Format                      : NGC
Target Device                      : xc6slx16-3-csg324

---- Source Options
Top Module Name                    : PEAK_DETECTOR
Automatic FSM Extraction           : YES
FSM Encoding Algorithm             : Auto
Safe Implementation                : No
FSM Style                          : LUT
RAM Extraction                     : Yes
RAM Style                          : Auto
ROM Extraction                     : Yes
Shift Register Extraction          : YES
ROM Style                          : Auto
Resource Sharing                   : YES
Asynchronous To Synchronous        : NO
Shift Register Minimum Size        : 2
Use DSP Block                      : Auto
Automatic Register Balancing       : No

---- Target Options
LUT Combining                      : Auto
Reduce Control Sets                : Auto
Add IO Buffers                     : YES
Global Maximum Fanout              : 100000
Add Generic Clock Buffer(BUFG)     : 16
Register Duplication               : YES
Optimize Instantiated Primitives   : NO
Use Clock Enable                   : Auto
Use Synchronous Set                : Auto
Use Synchronous Reset              : Auto
Pack IO Registers into IOBs        : Auto
Equivalent register Removal        : YES

---- General Options
Optimization Goal                  : Speed
Optimization Effort                : 1
Power Reduction                    : NO
Keep Hierarchy                     : No
Netlist Hierarchy                  : As_Optimized
RTL Output                         : Yes
Global Optimization                : AllClockNets
Read Cores                         : YES
Write Timing Constraints           : NO
Cross Clock Analysis               : NO
Hierarchy Separator                : /
Bus Delimiter                      : <>
Case Specifier                     : Maintain
Slice Utilization Ratio            : 100
BRAM Utilization Ratio             : 100
DSP48 Utilization Ratio            : 100
Auto BRAM Packing                  : NO
Slice Utilization Ratio Delta      : 5

---- Other Options
Cores Search Directories           : {"../../../../Netlist files for Xilinx"  }

=========================================================================


=========================================================================
*                          HDL Parsing                                  *
=========================================================================
Parsing VHDL file "C:\Users\Naimul Hoque\Documents\Uni Work\Year 2\Digital Design\Assignment 2\UART\Digital-Design-Assignment-2\fullSystem\common_pack.vhd" into library work
Parsing package <common_pack>.
Parsing VHDL file "C:\Users\Naimul Hoque\Documents\Uni Work\Year 2\Digital Design\Assignment 2\UART\Digital-Design-Assignment-2\fullSystem\UART_TX_CTRL.vhd" into library work
Parsing entity <UART_TX_CTRL>.
Parsing architecture <Behavioral> of entity <uart_tx_ctrl>.
Parsing VHDL file "C:\Users\Naimul Hoque\Documents\Uni Work\Year 2\Digital Design\Assignment 2\UART\Digital-Design-Assignment-2\fullSystem\UART_RX_CTRL.vhd" into library work
Parsing entity <UART_RX_CTRL>.
Parsing architecture <RCVR> of entity <uart_rx_ctrl>.
Parsing VHDL file "C:\Users\Naimul Hoque\Documents\Uni Work\Year 2\Digital Design\Assignment 2\UART\Digital-Design-Assignment-2\fullSystem\dataGen.vhd" into library work
Parsing entity <dataGen>.
Parsing architecture <behav> of entity <datagen>.
Parsing VHDL file "C:\Users\Naimul Hoque\Documents\Uni Work\Year 2\Digital Design\Assignment 2\UART\Digital-Design-Assignment-2\fullSystem\test_top.vhd" into library work
Parsing entity <PEAK_DETECTOR>.
Parsing architecture <STRUCT> of entity <peak_detector>.

=========================================================================
*                            HDL Elaboration                            *
=========================================================================

Elaborating entity <PEAK_DETECTOR> (architecture <STRUCT>) from library <work>.

Elaborating entity <dataGen> (architecture <behav>) from library <work>.
WARNING:HDLCompiler:89 - "C:\Users\Naimul Hoque\Documents\Uni Work\Year 2\Digital Design\Assignment 2\UART\Digital-Design-Assignment-2\fullSystem\test_top.vhd" Line 83: <dataconsume> remains a black-box since it has no binding entity.
WARNING:HDLCompiler:89 - "C:\Users\Naimul Hoque\Documents\Uni Work\Year 2\Digital Design\Assignment 2\UART\Digital-Design-Assignment-2\fullSystem\test_top.vhd" Line 61: <cmdproc> remains a black-box since it has no binding entity.

Elaborating entity <UART_TX_CTRL> (architecture <Behavioral>) from library <work>.
INFO:HDLCompiler:679 - "C:\Users\Naimul Hoque\Documents\Uni Work\Year 2\Digital Design\Assignment 2\UART\Digital-Design-Assignment-2\fullSystem\UART_TX_CTRL.vhd" Line 97. Case statement is complete. others clause is never selected

Elaborating entity <UART_RX_CTRL> (architecture <RCVR>) from library <work>.
INFO:HDLCompiler:679 - "C:\Users\Naimul Hoque\Documents\Uni Work\Year 2\Digital Design\Assignment 2\UART\Digital-Design-Assignment-2\fullSystem\UART_RX_CTRL.vhd" Line 159. Case statement is complete. others clause is never selected

=========================================================================
*                           HDL Synthesis                               *
=========================================================================

Synthesizing Unit <PEAK_DETECTOR>.
    Related source file is "C:\Users\Naimul Hoque\Documents\Uni Work\Year 2\Digital Design\Assignment 2\UART\Digital-Design-Assignment-2\fullSystem\test_top.vhd".
    Summary:
	no macro.
Unit <PEAK_DETECTOR> synthesized.

Synthesizing Unit <dataGen>.
    Related source file is "C:\Users\Naimul Hoque\Documents\Uni Work\Year 2\Digital Design\Assignment 2\UART\Digital-Design-Assignment-2\fullSystem\dataGen.vhd".
    Found 9-bit register for signal <index>.
    Found 1-bit register for signal <ctrlOut_reg>.
    Found 1-bit register for signal <ctrlIn_delayed>.
    Found 9-bit adder for signal <index[8]_GND_5_o_add_1_OUT> created at line 58.
    Found 9-bit subtractor for signal <GND_5_o_GND_5_o_sub_8_OUT<8:0>> created at line 65.
    Found 512x8-bit Read Only RAM for signal <GND_5_o_X_5_o_wide_mux_8_OUT>
    Summary:
	inferred   1 RAM(s).
	inferred   2 Adder/Subtractor(s).
	inferred  11 D-type flip-flop(s).
	inferred   1 Multiplexer(s).
Unit <dataGen> synthesized.

Synthesizing Unit <UART_TX_CTRL>.
    Related source file is "C:\Users\Naimul Hoque\Documents\Uni Work\Year 2\Digital Design\Assignment 2\UART\Digital-Design-Assignment-2\fullSystem\UART_TX_CTRL.vhd".
    Found 14-bit register for signal <bitTmr>.
    Found 31-bit register for signal <bitIndex>.
    Found 10-bit register for signal <txData>.
    Found 1-bit register for signal <txBit>.
    Found 2-bit register for signal <txState>.
    Found finite state machine <FSM_0> for signal <txState>.
    -----------------------------------------------------------------------
    | States             | 3                                              |
    | Transitions        | 6                                              |
    | Inputs             | 3                                              |
    | Outputs            | 3                                              |
    | Clock              | CLK (rising_edge)                              |
    | Power Up State     | rdy                                            |
    | Encoding           | auto                                           |
    | Implementation     | LUT                                            |
    -----------------------------------------------------------------------
    Found 14-bit adder for signal <bitTmr[13]_GND_8_o_add_7_OUT> created at line 112.
    Found 31-bit adder for signal <bitIndex[30]_GND_8_o_add_14_OUT> created at line 127.
    Found 1-bit 10-to-1 multiplexer for signal <bitIndex[3]_X_8_o_Mux_22_o> created at line 147.
    Summary:
	inferred   2 Adder/Subtractor(s).
	inferred  56 D-type flip-flop(s).
	inferred   2 Multiplexer(s).
	inferred   1 Finite State Machine(s).
Unit <UART_TX_CTRL> synthesized.

Synthesizing Unit <UART_RX_CTRL>.
    Related source file is "C:\Users\Naimul Hoque\Documents\Uni Work\Year 2\Digital Design\Assignment 2\UART\Digital-Design-Assignment-2\fullSystem\UART_RX_CTRL.vhd".
    Found 11-bit register for signal <bitTmr>.
    Found 4-bit register for signal <baudClkX8Count>.
    Found 4-bit register for signal <bitCount>.
    Found 10-bit register for signal <rcvShiftReg>.
    Found 8-bit register for signal <rcvDataReg>.
    Found 1-bit register for signal <regFull>.
    Found 3-bit register for signal <currentState>.
    Found finite state machine <FSM_1> for signal <currentState>.
    -----------------------------------------------------------------------
    | States             | 6                                              |
    | Transitions        | 11                                             |
    | Inputs             | 4                                              |
    | Outputs            | 7                                              |
    | Clock              | sysclk (rising_edge)                           |
    | Reset              | reset (positive)                               |
    | Reset type         | synchronous                                    |
    | Reset State        | idle                                           |
    | Power Up State     | idle                                           |
    | Encoding           | auto                                           |
    | Implementation     | LUT                                            |
    -----------------------------------------------------------------------
    Found 4-bit adder for signal <baudClkX8Count[3]_GND_9_o_add_16_OUT> created at line 186.
    Found 11-bit adder for signal <bitTmr[10]_GND_9_o_add_17_OUT> created at line 188.
    Found 4-bit adder for signal <bitCount[3]_GND_9_o_add_29_OUT> created at line 207.
    Summary:
	inferred   3 Adder/Subtractor(s).
	inferred  38 D-type flip-flop(s).
	inferred   6 Multiplexer(s).
	inferred   1 Finite State Machine(s).
Unit <UART_RX_CTRL> synthesized.

=========================================================================
HDL Synthesis Report

Macro Statistics
# RAMs                                                 : 1
 512x8-bit single-port Read Only RAM                   : 1
# Adders/Subtractors                                   : 7
 11-bit adder                                          : 1
 14-bit adder                                          : 1
 31-bit adder                                          : 1
 4-bit adder                                           : 2
 9-bit adder                                           : 1
 9-bit subtractor                                      : 1
# Registers                                            : 13
 1-bit register                                        : 4
 10-bit register                                       : 2
 11-bit register                                       : 1
 14-bit register                                       : 1
 31-bit register                                       : 1
 4-bit register                                        : 2
 8-bit register                                        : 1
 9-bit register                                        : 1
# Multiplexers                                         : 9
 1-bit 10-to-1 multiplexer                             : 1
 1-bit 2-to-1 multiplexer                              : 2
 11-bit 2-to-1 multiplexer                             : 2
 14-bit 2-to-1 multiplexer                             : 1
 4-bit 2-to-1 multiplexer                              : 2
 8-bit 2-to-1 multiplexer                              : 1
# FSMs                                                 : 2
# Xors                                                 : 1
 1-bit xor2                                            : 1

=========================================================================

=========================================================================
*                       Advanced HDL Synthesis                          *
=========================================================================

Reading core <../../../../Netlist files for Xilinx/dataConsume.ngc>.
Reading core <../../../../Netlist files for Xilinx/cmdProc.ngc>.
Loading core <dataConsume> for timing and area information for instance <data>.
Loading core <cmdProc> for timing and area information for instance <cmd>.
WARNING:Xst:1710 - FF/Latch <txData_0> (without init value) has a constant value of 0 in block <tx>. This FF/Latch will be trimmed during the optimization process.
WARNING:Xst:1710 - FF/Latch <txData_9> (without init value) has a constant value of 1 in block <tx>. This FF/Latch will be trimmed during the optimization process.

Synthesizing (advanced) Unit <UART_RX_CTRL>.
The following registers are absorbed into counter <baudClkX8Count>: 1 register on signal <baudClkX8Count>.
The following registers are absorbed into counter <bitCount>: 1 register on signal <bitCount>.
Unit <UART_RX_CTRL> synthesized (advanced).

Synthesizing (advanced) Unit <UART_TX_CTRL>.
The following registers are absorbed into counter <bitTmr>: 1 register on signal <bitTmr>.
The following registers are absorbed into counter <bitIndex>: 1 register on signal <bitIndex>.
Unit <UART_TX_CTRL> synthesized (advanced).

Synthesizing (advanced) Unit <dataGen>.
The following registers are absorbed into counter <index>: 1 register on signal <index>.
INFO:Xst:3218 - HDL ADVISOR - The RAM <Mram_GND_5_o_X_5_o_wide_mux_8_OUT> will be implemented on LUTs either because you have described an asynchronous read or because of currently unsupported block RAM features. If you have described an asynchronous read, making it synchronous would allow you to take advantage of available block RAM resources, for optimized device usage and improved timings. Please refer to your documentation for coding guidelines.
    -----------------------------------------------------------------------
    | ram_type           | Distributed                         |          |
    -----------------------------------------------------------------------
    | Port A                                                              |
    |     aspect ratio   | 512-word x 8-bit                    |          |
    |     weA            | connected to signal <GND>           | high     |
    |     addrA          | connected to signal <GND_5_o_GND_5_o_sub_8_OUT> |          |
    |     diA            | connected to signal <GND>           |          |
    |     doA            | connected to internal node          |          |
    -----------------------------------------------------------------------
Unit <dataGen> synthesized (advanced).

=========================================================================
Advanced HDL Synthesis Report

Macro Statistics
# RAMs                                                 : 1
 512x8-bit single-port distributed Read Only RAM       : 1
# Adders/Subtractors                                   : 2
 11-bit adder                                          : 1
 9-bit subtractor                                      : 1
# Counters                                             : 5
 14-bit up counter                                     : 1
 31-bit up counter                                     : 1
 4-bit up counter                                      : 2
 9-bit up counter                                      : 1
# Registers                                            : 43
 Flip-Flops                                            : 43
# Multiplexers                                         : 6
 1-bit 10-to-1 multiplexer                             : 1
 1-bit 2-to-1 multiplexer                              : 2
 11-bit 2-to-1 multiplexer                             : 2
 8-bit 2-to-1 multiplexer                              : 1
# FSMs                                                 : 2
# Xors                                                 : 1
 1-bit xor2                                            : 1

=========================================================================

=========================================================================
*                         Low Level Synthesis                           *
=========================================================================
WARNING:Xst:1710 - FF/Latch <txData_0> (without init value) has a constant value of 0 in block <UART_TX_CTRL>. This FF/Latch will be trimmed during the optimization process.
WARNING:Xst:1895 - Due to other FF/Latch trimming, FF/Latch <txData_9> (without init value) has a constant value of 1 in block <UART_TX_CTRL>. This FF/Latch will be trimmed during the optimization process.
Analyzing FSM <MFsm> for best encoding.
Optimizing FSM <tx/FSM_0> on signal <txState[1:2]> with user encoding.
----------------------
 State    | Encoding
----------------------
 rdy      | 00
 load_bit | 01
 send_bit | 10
----------------------
Analyzing FSM <MFsm> for best encoding.
Optimizing FSM <rx/FSM_1> on signal <currentState[1:3]> with user encoding.
----------------------------
 State          | Encoding
----------------------------
 idle           | 000
 start_detected | 001
 wait_4         | 010
 wait_8         | 011
 recv_data      | 100
 data_ready     | 101
----------------------------

Optimizing unit <PEAK_DETECTOR> ...

Optimizing unit <dataGen> ...

Optimizing unit <UART_TX_CTRL> ...

Optimizing unit <UART_RX_CTRL> ...
INFO:Xst:2261 - The FF/Latch <gen/index_0> in Unit <PEAK_DETECTOR> is equivalent to the following FF/Latch, which will be removed : <gen/ctrlOut_reg> 

Mapping all equations...
Building and optimizing final netlist ...
Found area constraint ratio of 100 (+ 5) on block PEAK_DETECTOR, actual ratio is 5.
INFO:Xst:2260 - The FF/Latch <curState_FSM_FFd3> in Unit <data> is equivalent to the following FF/Latch : <curState_FSM_FFd3_1> 
INFO:Xst:2260 - The FF/Latch <curState_FSM_FFd2> in Unit <data> is equivalent to the following FF/Latch : <curState_FSM_FFd2_1> 
INFO:Xst:2260 - The FF/Latch <curState_FSM_FFd1> in Unit <data> is equivalent to the following 2 FFs/Latches : <curState_FSM_FFd1_1> <curState_FSM_FFd1_2> 
INFO:Xst:2260 - The FF/Latch <curState_FSM_FFd3> in Unit <data> is equivalent to the following FF/Latch : <curState_FSM_FFd3_1> 
INFO:Xst:2260 - The FF/Latch <curState_FSM_FFd2> in Unit <data> is equivalent to the following FF/Latch : <curState_FSM_FFd2_1> 
INFO:Xst:2260 - The FF/Latch <curState_FSM_FFd1> in Unit <data> is equivalent to the following 2 FFs/Latches : <curState_FSM_FFd1_1> <curState_FSM_FFd1_2> 

Final Macro Processing ...

=========================================================================
Final Register Report

Macro Statistics
# Registers                                            : 107
 Flip-Flops                                            : 107

=========================================================================

=========================================================================
*                           Partition Report                            *
=========================================================================

Partition Implementation Status
-------------------------------

  No Partitions were found in this design.

-------------------------------

=========================================================================
*                            Design Summary                             *
=========================================================================

Top Level Output File Name         : PEAK_DETECTOR.ngc

Primitive and Black Box Usage:
------------------------------
# BELS                             : 587
#      GND                         : 1
#      INV                         : 7
#      LUT1                        : 51
#      LUT2                        : 23
#      LUT3                        : 51
#      LUT4                        : 73
#      LUT5                        : 60
#      LUT6                        : 204
#      MUXCY                       : 51
#      MUXF7                       : 11
#      VCC                         : 1
#      XORCY                       : 54
# FlipFlops/Latches                : 377
#      FD                          : 12
#      FDE                         : 8
#      FDR                         : 52
#      FDRE                        : 172
#      FDS                         : 3
#      FDSE                        : 130
# Clock Buffers                    : 1
#      BUFGP                       : 1
# IO Buffers                       : 3
#      IBUF                        : 2
#      OBUF                        : 1

Device utilization summary:
---------------------------

Selected Device : 6slx16csg324-3 


Slice Logic Utilization: 
 Number of Slice Registers:             377  out of  18224     2%  
 Number of Slice LUTs:                  469  out of   9112     5%  
    Number used as Logic:               469  out of   9112     5%  

Slice Logic Distribution: 
 Number of LUT Flip Flop pairs used:    672
   Number with an unused Flip Flop:     295  out of    672    43%  
   Number with an unused LUT:           203  out of    672    30%  
   Number of fully used LUT-FF pairs:   174  out of    672    25%  
   Number of unique control sets:        29

IO Utilization: 
 Number of IOs:                           4
 Number of bonded IOBs:                   4  out of    232     1%  

Specific Feature Utilization:
 Number of BUFG/BUFGCTRLs:                1  out of     16     6%  

---------------------------
Partition Resource Summary:
---------------------------

  No Partitions were found in this design.

---------------------------


=========================================================================
Timing Report

NOTE: THESE TIMING NUMBERS ARE ONLY A SYNTHESIS ESTIMATE.
      FOR ACCURATE TIMING INFORMATION PLEASE REFER TO THE TRACE REPORT
      GENERATED AFTER PLACE-and-ROUTE.

Clock Information:
------------------
-----------------------------------+------------------------+-------+
Clock Signal                       | Clock buffer(FF name)  | Load  |
-----------------------------------+------------------------+-------+
clk                                | BUFGP                  | 377   |
-----------------------------------+------------------------+-------+

Asynchronous Control Signals Information:
----------------------------------------
No asynchronous control signals found in this design

Timing Summary:
---------------
Speed Grade: -3

   Minimum period: 9.115ns (Maximum Frequency: 109.711MHz)
   Minimum input arrival time before clock: 5.871ns
   Maximum output required time after clock: 3.597ns
   Maximum combinational path delay: No path found

Timing Details:
---------------
All values displayed in nanoseconds (ns)

=========================================================================
Timing constraint: Default period analysis for Clock 'clk'
  Clock period: 9.115ns (frequency: 109.711MHz)
  Total number of paths / destination ports: 38379 / 881
-------------------------------------------------------------------------
Delay:               9.115ns (Levels of Logic = 9)
  Source:            gen/index_0 (FF)
  Destination:       data/curState_FSM_FFd3 (FF)
  Source Clock:      clk rising
  Destination Clock: clk rising

  Data Path: gen/index_0 to data/curState_FSM_FFd3
                                Gate     Net
    Cell:in->out      fanout   Delay   Delay  Logical Name (Net Name)
    ----------------------------------------  ------------
     FDR:C->Q             13   0.447   0.932  gen/index_0 (gen/index_0)
     INV:I->O             64   0.206   2.004  gen/Mcount_index_lut<0>_INV_0 (gen/Mcount_index_lut<0>)
     LUT6:I0->O            1   0.203   0.827  gen_Mram_GND_5_o_X_5_o_wide_mux_8_OUT10 (gen_Mram_GND_5_o_X_5_o_wide_mux_8_OUT10)
     LUT6:I2->O            1   0.203   0.000  gen_Mram_GND_5_o_X_5_o_wide_mux_8_OUT1111_G (gen_N1)
     MUXF7:I1->O           1   0.140   0.580  gen_Mram_GND_5_o_X_5_o_wide_mux_8_OUT1111 (gen/GND_5_o_X_5_o_wide_mux_8_OUT<3>)
     LUT5:I4->O           11   0.205   1.111  gen/Mmux_data41 (sig_data<3>)
     begin scope: 'data:data<3>'
     LUT4:I1->O            1   0.205   0.924  sig_grtThan1_SW0 (N2)
     LUT5:I0->O            2   0.203   0.617  curState_FSM_FFd3-In11 (curState_FSM_FFd3-In1)
     LUT3:I2->O            3   0.205   0.000  curState_FSM_FFd1-In1 (curState_FSM_FFd1-In)
     FDR:D                     0.102          curState_FSM_FFd1
    ----------------------------------------
    Total                      9.115ns (2.119ns logic, 6.996ns route)
                                       (23.2% logic, 76.8% route)

=========================================================================
Timing constraint: Default OFFSET IN BEFORE for Clock 'clk'
  Total number of paths / destination ports: 326 / 326
-------------------------------------------------------------------------
Offset:              5.871ns (Levels of Logic = 3)
  Source:            reset (PAD)
  Destination:       data/dataArraySaved_1_0 (FF)
  Destination Clock: clk rising

  Data Path: reset to data/dataArraySaved_1_0
                                Gate     Net
    Cell:in->out      fanout   Delay   Delay  Logical Name (Net Name)
    ----------------------------------------  ------------
     IBUF:I->O           179   1.222   2.139  reset_IBUF (reset_IBUF)
     begin scope: 'data:reset'
     LUT2:I0->O          100   0.203   1.877  reset_sig_seqDone_delayed_OR_12_o1 (reset_sig_seqDone_delayed_OR_12_o)
     FDRE:R                    0.430          dataArraySaved_1_0
    ----------------------------------------
    Total                      5.871ns (1.855ns logic, 4.016ns route)
                                       (31.6% logic, 68.4% route)

=========================================================================
Timing constraint: Default OFFSET OUT AFTER for Clock 'clk'
  Total number of paths / destination ports: 1 / 1
-------------------------------------------------------------------------
Offset:              3.597ns (Levels of Logic = 1)
  Source:            tx/txBit (FF)
  Destination:       txdata (PAD)
  Source Clock:      clk rising

  Data Path: tx/txBit to txdata
                                Gate     Net
    Cell:in->out      fanout   Delay   Delay  Logical Name (Net Name)
    ----------------------------------------  ------------
     FDSE:C->Q             1   0.447   0.579  tx/txBit (tx/txBit)
     OBUF:I->O                 2.571          txdata_OBUF (txdata)
    ----------------------------------------
    Total                      3.597ns (3.018ns logic, 0.579ns route)
                                       (83.9% logic, 16.1% route)

=========================================================================

Cross Clock Domains Report:
--------------------------

Clock to Setup on destination clock clk
---------------+---------+---------+---------+---------+
               | Src:Rise| Src:Fall| Src:Rise| Src:Fall|
Source Clock   |Dest:Rise|Dest:Rise|Dest:Fall|Dest:Fall|
---------------+---------+---------+---------+---------+
clk            |    9.115|         |         |         |
---------------+---------+---------+---------+---------+

=========================================================================


Total REAL time to Xst completion: 9.00 secs
Total CPU time to Xst completion: 9.24 secs
 
--> 

Total memory usage is 251232 kilobytes

Number of errors   :    0 (   0 filtered)
Number of warnings :    6 (   0 filtered)
Number of infos    :    8 (   0 filtered)

