--------------------------------------------------------------------------------
Release 14.7 Trace  (nt)
Copyright (c) 1995-2013 Xilinx, Inc.  All rights reserved.

E:\Program Files\Xilinx ISE\14.7\ISE_DS\ISE\bin\nt\unwrapped\trce.exe -intstyle
ise -v 3 -s 3 -n 3 -fastpaths -xml dataConsume.twx dataConsume.ncd -o
dataConsume.twr dataConsume.pcf

Design file:              dataConsume.ncd
Physical constraint file: dataConsume.pcf
Device,package,speed:     xc6slx16,csg324,C,-3 (PRODUCTION 1.23 2013-10-13)
Report level:             verbose report

Environment Variable      Effect 
--------------------      ------ 
NONE                      No environment variables were set
--------------------------------------------------------------------------------

INFO:Timing:2698 - No timing constraints found, doing default enumeration.
INFO:Timing:3412 - To improve timing, see the Timing Closure User Guide (UG612).
INFO:Timing:2752 - To get complete path coverage, use the unconstrained paths 
   option. All paths that are not constrained will be reported in the 
   unconstrained paths section(s) of the report.
INFO:Timing:3339 - The clock-to-out numbers in this timing report are based on 
   a 50 Ohm transmission line loading model.  For the details of this model, 
   and for more information on accounting for different loading conditions, 
   please see the device datasheet.



Data Sheet report:
-----------------
All values displayed in nanoseconds (ns)

Setup/Hold to clock clk
------------+------------+------------+------------+------------+------------------+--------+
            |Max Setup to|  Process   |Max Hold to |  Process   |                  | Clock  |
Source      | clk (edge) |   Corner   | clk (edge) |   Corner   |Internal Clock(s) | Phase  |
------------+------------+------------+------------+------------+------------------+--------+
ctrlIn      |    3.182(R)|      SLOW  |   -1.210(R)|      FAST  |clk_BUFGP         |   0.000|
data<0>     |    2.062(R)|      SLOW  |   -1.323(R)|      FAST  |clk_BUFGP         |   0.000|
data<1>     |    2.168(R)|      SLOW  |   -1.379(R)|      FAST  |clk_BUFGP         |   0.000|
data<2>     |    1.999(R)|      SLOW  |   -1.265(R)|      FAST  |clk_BUFGP         |   0.000|
data<3>     |    2.413(R)|      SLOW  |   -1.598(R)|      FAST  |clk_BUFGP         |   0.000|
data<4>     |    2.158(R)|      SLOW  |   -1.349(R)|      FAST  |clk_BUFGP         |   0.000|
data<5>     |    2.269(R)|      SLOW  |   -1.427(R)|      FAST  |clk_BUFGP         |   0.000|
data<6>     |    2.031(R)|      SLOW  |   -1.254(R)|      FAST  |clk_BUFGP         |   0.000|
data<7>     |    2.207(R)|      SLOW  |   -1.363(R)|      FAST  |clk_BUFGP         |   0.000|
start       |    2.835(R)|      SLOW  |   -1.353(R)|      FAST  |clk_BUFGP         |   0.000|
------------+------------+------------+------------+------------+------------------+--------+

Setup/Hold to clock numWords_bcd<0><0>
------------+------------+------------+------------+------------+----------------------------+--------+
            |Max Setup to|  Process   |Max Hold to |  Process   |                            | Clock  |
Source      | clk (edge) |   Corner   | clk (edge) |   Corner   |Internal Clock(s)           | Phase  |
------------+------------+------------+------------+------------+----------------------------+--------+
start       |   -0.718(F)|      FAST  |    3.564(F)|      SLOW  |curState[1]_PWR_6_o_Mux_71_o|   0.000|
------------+------------+------------+------------+------------+----------------------------+--------+

Setup/Hold to clock numWords_bcd<0><1>
------------+------------+------------+------------+------------+----------------------------+--------+
            |Max Setup to|  Process   |Max Hold to |  Process   |                            | Clock  |
Source      | clk (edge) |   Corner   | clk (edge) |   Corner   |Internal Clock(s)           | Phase  |
------------+------------+------------+------------+------------+----------------------------+--------+
start       |   -0.859(F)|      FAST  |    5.135(F)|      SLOW  |curState[1]_PWR_6_o_Mux_71_o|   0.000|
------------+------------+------------+------------+------------+----------------------------+--------+

Setup/Hold to clock numWords_bcd<0><2>
------------+------------+------------+------------+------------+----------------------------+--------+
            |Max Setup to|  Process   |Max Hold to |  Process   |                            | Clock  |
Source      | clk (edge) |   Corner   | clk (edge) |   Corner   |Internal Clock(s)           | Phase  |
------------+------------+------------+------------+------------+----------------------------+--------+
start       |   -0.753(F)|      FAST  |    4.995(F)|      SLOW  |curState[1]_PWR_6_o_Mux_71_o|   0.000|
------------+------------+------------+------------+------------+----------------------------+--------+

Setup/Hold to clock numWords_bcd<0><3>
------------+------------+------------+------------+------------+----------------------------+--------+
            |Max Setup to|  Process   |Max Hold to |  Process   |                            | Clock  |
Source      | clk (edge) |   Corner   | clk (edge) |   Corner   |Internal Clock(s)           | Phase  |
------------+------------+------------+------------+------------+----------------------------+--------+
start       |   -0.754(F)|      FAST  |    4.918(F)|      SLOW  |curState[1]_PWR_6_o_Mux_71_o|   0.000|
------------+------------+------------+------------+------------+----------------------------+--------+

Setup/Hold to clock numWords_bcd<1><0>
------------+------------+------------+------------+------------+----------------------------+--------+
            |Max Setup to|  Process   |Max Hold to |  Process   |                            | Clock  |
Source      | clk (edge) |   Corner   | clk (edge) |   Corner   |Internal Clock(s)           | Phase  |
------------+------------+------------+------------+------------+----------------------------+--------+
start       |   -1.087(F)|      FAST  |    6.876(F)|      SLOW  |curState[1]_PWR_6_o_Mux_71_o|   0.000|
------------+------------+------------+------------+------------+----------------------------+--------+

Setup/Hold to clock numWords_bcd<1><1>
------------+------------+------------+------------+------------+----------------------------+--------+
            |Max Setup to|  Process   |Max Hold to |  Process   |                            | Clock  |
Source      | clk (edge) |   Corner   | clk (edge) |   Corner   |Internal Clock(s)           | Phase  |
------------+------------+------------+------------+------------+----------------------------+--------+
start       |   -1.523(F)|      FAST  |    6.787(F)|      SLOW  |curState[1]_PWR_6_o_Mux_71_o|   0.000|
------------+------------+------------+------------+------------+----------------------------+--------+

Setup/Hold to clock numWords_bcd<1><2>
------------+------------+------------+------------+------------+----------------------------+--------+
            |Max Setup to|  Process   |Max Hold to |  Process   |                            | Clock  |
Source      | clk (edge) |   Corner   | clk (edge) |   Corner   |Internal Clock(s)           | Phase  |
------------+------------+------------+------------+------------+----------------------------+--------+
start       |   -1.573(F)|      FAST  |    6.761(F)|      SLOW  |curState[1]_PWR_6_o_Mux_71_o|   0.000|
------------+------------+------------+------------+------------+----------------------------+--------+

Setup/Hold to clock numWords_bcd<1><3>
------------+------------+------------+------------+------------+----------------------------+--------+
            |Max Setup to|  Process   |Max Hold to |  Process   |                            | Clock  |
Source      | clk (edge) |   Corner   | clk (edge) |   Corner   |Internal Clock(s)           | Phase  |
------------+------------+------------+------------+------------+----------------------------+--------+
start       |   -1.538(F)|      FAST  |    6.835(F)|      SLOW  |curState[1]_PWR_6_o_Mux_71_o|   0.000|
------------+------------+------------+------------+------------+----------------------------+--------+

Setup/Hold to clock numWords_bcd<2><0>
------------+------------+------------+------------+------------+----------------------------+--------+
            |Max Setup to|  Process   |Max Hold to |  Process   |                            | Clock  |
Source      | clk (edge) |   Corner   | clk (edge) |   Corner   |Internal Clock(s)           | Phase  |
------------+------------+------------+------------+------------+----------------------------+--------+
start       |   -1.961(F)|      FAST  |    8.034(F)|      SLOW  |curState[1]_PWR_6_o_Mux_71_o|   0.000|
------------+------------+------------+------------+------------+----------------------------+--------+

Setup/Hold to clock numWords_bcd<2><1>
------------+------------+------------+------------+------------+----------------------------+--------+
            |Max Setup to|  Process   |Max Hold to |  Process   |                            | Clock  |
Source      | clk (edge) |   Corner   | clk (edge) |   Corner   |Internal Clock(s)           | Phase  |
------------+------------+------------+------------+------------+----------------------------+--------+
start       |   -1.239(F)|      FAST  |    8.295(F)|      SLOW  |curState[1]_PWR_6_o_Mux_71_o|   0.000|
------------+------------+------------+------------+------------+----------------------------+--------+

Setup/Hold to clock numWords_bcd<2><2>
------------+------------+------------+------------+------------+----------------------------+--------+
            |Max Setup to|  Process   |Max Hold to |  Process   |                            | Clock  |
Source      | clk (edge) |   Corner   | clk (edge) |   Corner   |Internal Clock(s)           | Phase  |
------------+------------+------------+------------+------------+----------------------------+--------+
start       |   -1.846(F)|      FAST  |    7.986(F)|      SLOW  |curState[1]_PWR_6_o_Mux_71_o|   0.000|
------------+------------+------------+------------+------------+----------------------------+--------+

Setup/Hold to clock numWords_bcd<2><3>
------------+------------+------------+------------+------------+----------------------------+--------+
            |Max Setup to|  Process   |Max Hold to |  Process   |                            | Clock  |
Source      | clk (edge) |   Corner   | clk (edge) |   Corner   |Internal Clock(s)           | Phase  |
------------+------------+------------+------------+------------+----------------------------+--------+
start       |   -1.938(F)|      FAST  |    7.860(F)|      SLOW  |curState[1]_PWR_6_o_Mux_71_o|   0.000|
------------+------------+------------+------------+------------+----------------------------+--------+

Setup/Hold to clock reset
------------+------------+------------+------------+------------+----------------------------+--------+
            |Max Setup to|  Process   |Max Hold to |  Process   |                            | Clock  |
Source      | clk (edge) |   Corner   | clk (edge) |   Corner   |Internal Clock(s)           | Phase  |
------------+------------+------------+------------+------------+----------------------------+--------+
start       |   -0.484(F)|      FAST  |    5.148(F)|      SLOW  |curState[1]_PWR_6_o_Mux_71_o|   0.000|
------------+------------+------------+------------+------------+----------------------------+--------+

Clock clk to Pad
-----------------+-----------------+------------+-----------------+------------+------------------+--------+
                 |Max (slowest) clk|  Process   |Min (fastest) clk|  Process   |                  | Clock  |
Destination      |  (edge) to PAD  |   Corner   |  (edge) to PAD  |   Corner   |Internal Clock(s) | Phase  |
-----------------+-----------------+------------+-----------------+------------+------------------+--------+
byte<0>          |         8.854(R)|      SLOW  |         4.829(R)|      FAST  |clk_BUFGP         |   0.000|
byte<1>          |         8.547(R)|      SLOW  |         4.546(R)|      FAST  |clk_BUFGP         |   0.000|
byte<2>          |         8.467(R)|      SLOW  |         4.504(R)|      FAST  |clk_BUFGP         |   0.000|
byte<3>          |         8.479(R)|      SLOW  |         4.542(R)|      FAST  |clk_BUFGP         |   0.000|
byte<4>          |         8.471(R)|      SLOW  |         4.488(R)|      FAST  |clk_BUFGP         |   0.000|
byte<5>          |         8.349(R)|      SLOW  |         4.425(R)|      FAST  |clk_BUFGP         |   0.000|
byte<6>          |         8.516(R)|      SLOW  |         4.528(R)|      FAST  |clk_BUFGP         |   0.000|
byte<7>          |         8.508(R)|      SLOW  |         4.520(R)|      FAST  |clk_BUFGP         |   0.000|
ctrlOut          |         8.090(R)|      SLOW  |         4.366(R)|      FAST  |clk_BUFGP         |   0.000|
dataReady        |         7.456(R)|      SLOW  |         3.938(R)|      FAST  |clk_BUFGP         |   0.000|
dataResults<0><0>|         7.871(R)|      SLOW  |         4.195(R)|      FAST  |clk_BUFGP         |   0.000|
dataResults<0><1>|         7.862(R)|      SLOW  |         4.196(R)|      FAST  |clk_BUFGP         |   0.000|
dataResults<0><2>|         8.121(R)|      SLOW  |         4.380(R)|      FAST  |clk_BUFGP         |   0.000|
dataResults<0><3>|         7.960(R)|      SLOW  |         4.245(R)|      FAST  |clk_BUFGP         |   0.000|
dataResults<0><4>|         7.675(R)|      SLOW  |         4.083(R)|      FAST  |clk_BUFGP         |   0.000|
dataResults<0><5>|         7.631(R)|      SLOW  |         4.029(R)|      FAST  |clk_BUFGP         |   0.000|
dataResults<0><6>|         7.803(R)|      SLOW  |         4.155(R)|      FAST  |clk_BUFGP         |   0.000|
dataResults<0><7>|         7.872(R)|      SLOW  |         4.185(R)|      FAST  |clk_BUFGP         |   0.000|
dataResults<1><0>|         8.889(R)|      SLOW  |         4.811(R)|      FAST  |clk_BUFGP         |   0.000|
dataResults<1><1>|         8.745(R)|      SLOW  |         4.723(R)|      FAST  |clk_BUFGP         |   0.000|
dataResults<1><2>|         8.881(R)|      SLOW  |         4.810(R)|      FAST  |clk_BUFGP         |   0.000|
dataResults<1><3>|         8.300(R)|      SLOW  |         4.441(R)|      FAST  |clk_BUFGP         |   0.000|
dataResults<1><4>|         8.316(R)|      SLOW  |         4.475(R)|      FAST  |clk_BUFGP         |   0.000|
dataResults<1><5>|         8.378(R)|      SLOW  |         4.541(R)|      FAST  |clk_BUFGP         |   0.000|
dataResults<1><6>|         8.130(R)|      SLOW  |         4.334(R)|      FAST  |clk_BUFGP         |   0.000|
dataResults<1><7>|         8.082(R)|      SLOW  |         4.327(R)|      FAST  |clk_BUFGP         |   0.000|
dataResults<2><0>|         7.628(R)|      SLOW  |         4.036(R)|      FAST  |clk_BUFGP         |   0.000|
dataResults<2><1>|         7.621(R)|      SLOW  |         4.021(R)|      FAST  |clk_BUFGP         |   0.000|
dataResults<2><2>|         7.548(R)|      SLOW  |         3.979(R)|      FAST  |clk_BUFGP         |   0.000|
dataResults<2><3>|         7.549(R)|      SLOW  |         3.980(R)|      FAST  |clk_BUFGP         |   0.000|
dataResults<2><4>|         7.711(R)|      SLOW  |         4.095(R)|      FAST  |clk_BUFGP         |   0.000|
dataResults<2><5>|         7.561(R)|      SLOW  |         3.995(R)|      FAST  |clk_BUFGP         |   0.000|
dataResults<2><6>|         7.760(R)|      SLOW  |         4.109(R)|      FAST  |clk_BUFGP         |   0.000|
dataResults<2><7>|         7.760(R)|      SLOW  |         4.109(R)|      FAST  |clk_BUFGP         |   0.000|
dataResults<3><0>|         8.462(R)|      SLOW  |         4.489(R)|      FAST  |clk_BUFGP         |   0.000|
dataResults<3><1>|         8.777(R)|      SLOW  |         4.696(R)|      FAST  |clk_BUFGP         |   0.000|
dataResults<3><2>|         8.455(R)|      SLOW  |         4.492(R)|      FAST  |clk_BUFGP         |   0.000|
dataResults<3><3>|         8.479(R)|      SLOW  |         4.542(R)|      FAST  |clk_BUFGP         |   0.000|
dataResults<3><4>|         8.450(R)|      SLOW  |         4.474(R)|      FAST  |clk_BUFGP         |   0.000|
dataResults<3><5>|         8.450(R)|      SLOW  |         4.474(R)|      FAST  |clk_BUFGP         |   0.000|
dataResults<3><6>|         9.412(R)|      SLOW  |         5.109(R)|      FAST  |clk_BUFGP         |   0.000|
dataResults<3><7>|         9.403(R)|      SLOW  |         5.100(R)|      FAST  |clk_BUFGP         |   0.000|
dataResults<4><0>|         9.430(R)|      SLOW  |         5.187(R)|      FAST  |clk_BUFGP         |   0.000|
dataResults<4><1>|         9.281(R)|      SLOW  |         5.102(R)|      FAST  |clk_BUFGP         |   0.000|
dataResults<4><2>|         9.302(R)|      SLOW  |         5.123(R)|      FAST  |clk_BUFGP         |   0.000|
dataResults<4><3>|         9.755(R)|      SLOW  |         5.376(R)|      FAST  |clk_BUFGP         |   0.000|
dataResults<4><4>|         9.665(R)|      SLOW  |         5.320(R)|      FAST  |clk_BUFGP         |   0.000|
dataResults<4><5>|         9.435(R)|      SLOW  |         5.171(R)|      FAST  |clk_BUFGP         |   0.000|
dataResults<4><6>|         9.739(R)|      SLOW  |         5.405(R)|      FAST  |clk_BUFGP         |   0.000|
dataResults<4><7>|         9.564(R)|      SLOW  |         5.266(R)|      FAST  |clk_BUFGP         |   0.000|
dataResults<5><0>|         8.815(R)|      SLOW  |         4.753(R)|      FAST  |clk_BUFGP         |   0.000|
dataResults<5><1>|         8.814(R)|      SLOW  |         4.752(R)|      FAST  |clk_BUFGP         |   0.000|
dataResults<5><2>|         9.063(R)|      SLOW  |         4.981(R)|      FAST  |clk_BUFGP         |   0.000|
dataResults<5><3>|         9.122(R)|      SLOW  |         4.964(R)|      FAST  |clk_BUFGP         |   0.000|
dataResults<5><4>|         9.096(R)|      SLOW  |         4.926(R)|      FAST  |clk_BUFGP         |   0.000|
dataResults<5><5>|         8.957(R)|      SLOW  |         4.854(R)|      FAST  |clk_BUFGP         |   0.000|
dataResults<5><6>|         9.180(R)|      SLOW  |         5.006(R)|      FAST  |clk_BUFGP         |   0.000|
dataResults<5><7>|         9.262(R)|      SLOW  |         5.053(R)|      FAST  |clk_BUFGP         |   0.000|
dataResults<6><0>|         8.804(R)|      SLOW  |         4.755(R)|      FAST  |clk_BUFGP         |   0.000|
dataResults<6><1>|         8.625(R)|      SLOW  |         4.622(R)|      FAST  |clk_BUFGP         |   0.000|
dataResults<6><2>|         8.900(R)|      SLOW  |         4.813(R)|      FAST  |clk_BUFGP         |   0.000|
dataResults<6><3>|         9.281(R)|      SLOW  |         5.083(R)|      FAST  |clk_BUFGP         |   0.000|
dataResults<6><4>|         8.818(R)|      SLOW  |         4.756(R)|      FAST  |clk_BUFGP         |   0.000|
dataResults<6><5>|         8.681(R)|      SLOW  |         4.675(R)|      FAST  |clk_BUFGP         |   0.000|
dataResults<6><6>|         8.892(R)|      SLOW  |         4.848(R)|      FAST  |clk_BUFGP         |   0.000|
dataResults<6><7>|         8.893(R)|      SLOW  |         4.816(R)|      FAST  |clk_BUFGP         |   0.000|
maxIndex<0><0>   |        10.176(R)|      SLOW  |         5.592(R)|      FAST  |clk_BUFGP         |   0.000|
maxIndex<0><1>   |        16.358(R)|      SLOW  |         5.604(R)|      FAST  |clk_BUFGP         |   0.000|
maxIndex<0><2>   |        16.291(R)|      SLOW  |         5.569(R)|      FAST  |clk_BUFGP         |   0.000|
maxIndex<0><3>   |        15.830(R)|      SLOW  |         5.363(R)|      FAST  |clk_BUFGP         |   0.000|
maxIndex<1><0>   |        15.816(R)|      SLOW  |         5.289(R)|      FAST  |clk_BUFGP         |   0.000|
maxIndex<1><1>   |        16.561(R)|      SLOW  |         5.621(R)|      FAST  |clk_BUFGP         |   0.000|
maxIndex<1><2>   |        16.268(R)|      SLOW  |         5.686(R)|      FAST  |clk_BUFGP         |   0.000|
maxIndex<1><3>   |        16.268(R)|      SLOW  |         5.688(R)|      FAST  |clk_BUFGP         |   0.000|
maxIndex<2><0>   |        16.612(R)|      SLOW  |         6.059(R)|      FAST  |clk_BUFGP         |   0.000|
maxIndex<2><1>   |        16.763(R)|      SLOW  |         6.381(R)|      FAST  |clk_BUFGP         |   0.000|
maxIndex<2><2>   |        16.538(R)|      SLOW  |         6.254(R)|      FAST  |clk_BUFGP         |   0.000|
maxIndex<2><3>   |        16.236(R)|      SLOW  |         5.947(R)|      FAST  |clk_BUFGP         |   0.000|
seqDone          |         7.404(R)|      SLOW  |         3.906(R)|      FAST  |clk_BUFGP         |   0.000|
-----------------+-----------------+------------+-----------------+------------+------------------+--------+

Clock to Setup on destination clock clk
------------------+---------+---------+---------+---------+
                  | Src:Rise| Src:Fall| Src:Rise| Src:Fall|
Source Clock      |Dest:Rise|Dest:Rise|Dest:Fall|Dest:Fall|
------------------+---------+---------+---------+---------+
clk               |    5.279|         |         |         |
numWords_bcd<0><0>|    5.987|    9.364|         |         |
numWords_bcd<0><1>|    7.558|    9.364|         |         |
numWords_bcd<0><2>|    7.418|    9.364|         |         |
numWords_bcd<0><3>|    7.341|    9.364|         |         |
numWords_bcd<1><0>|    9.299|    9.364|         |         |
numWords_bcd<1><1>|    9.210|    9.364|         |         |
numWords_bcd<1><2>|    9.184|    9.364|         |         |
numWords_bcd<1><3>|    9.258|    9.364|         |         |
numWords_bcd<2><0>|   10.447|   10.447|         |         |
numWords_bcd<2><1>|   10.708|   10.708|         |         |
numWords_bcd<2><2>|   10.399|   10.399|         |         |
numWords_bcd<2><3>|   10.273|   10.273|         |         |
reset             |    7.571|    9.364|         |         |
------------------+---------+---------+---------+---------+

Clock to Setup on destination clock numWords_bcd<0><0>
------------------+---------+---------+---------+---------+
                  | Src:Rise| Src:Fall| Src:Rise| Src:Fall|
Source Clock      |Dest:Rise|Dest:Rise|Dest:Fall|Dest:Fall|
------------------+---------+---------+---------+---------+
clk               |         |         |   -0.172|         |
numWords_bcd<0><0>|         |         |    1.348|    1.348|
numWords_bcd<0><1>|         |         |    2.919|    2.919|
numWords_bcd<0><2>|         |         |    2.779|    2.779|
numWords_bcd<0><3>|         |         |    2.702|    2.702|
numWords_bcd<1><0>|         |         |    4.660|    4.660|
numWords_bcd<1><1>|         |         |    4.571|    4.571|
numWords_bcd<1><2>|         |         |    4.545|    4.545|
numWords_bcd<1><3>|         |         |    4.619|    4.619|
numWords_bcd<2><0>|         |         |    5.808|    5.808|
numWords_bcd<2><1>|         |         |    6.069|    6.069|
numWords_bcd<2><2>|         |         |    5.760|    5.760|
numWords_bcd<2><3>|         |         |    5.634|    5.634|
reset             |         |         |    2.932|    2.932|
------------------+---------+---------+---------+---------+

Clock to Setup on destination clock numWords_bcd<0><1>
------------------+---------+---------+---------+---------+
                  | Src:Rise| Src:Fall| Src:Rise| Src:Fall|
Source Clock      |Dest:Rise|Dest:Rise|Dest:Fall|Dest:Fall|
------------------+---------+---------+---------+---------+
clk               |         |         |   -0.172|         |
numWords_bcd<0><0>|         |         |    1.062|    1.062|
numWords_bcd<0><1>|         |         |    2.633|    2.633|
numWords_bcd<0><2>|         |         |    2.493|    2.493|
numWords_bcd<0><3>|         |         |    2.416|    2.416|
numWords_bcd<1><0>|         |         |    4.374|    4.374|
numWords_bcd<1><1>|         |         |    4.285|    4.285|
numWords_bcd<1><2>|         |         |    4.259|    4.259|
numWords_bcd<1><3>|         |         |    4.333|    4.333|
numWords_bcd<2><0>|         |         |    5.522|    5.522|
numWords_bcd<2><1>|         |         |    5.783|    5.783|
numWords_bcd<2><2>|         |         |    5.474|    5.474|
numWords_bcd<2><3>|         |         |    5.348|    5.348|
reset             |         |         |    2.646|    2.646|
------------------+---------+---------+---------+---------+

Clock to Setup on destination clock numWords_bcd<0><2>
------------------+---------+---------+---------+---------+
                  | Src:Rise| Src:Fall| Src:Rise| Src:Fall|
Source Clock      |Dest:Rise|Dest:Rise|Dest:Fall|Dest:Fall|
------------------+---------+---------+---------+---------+
clk               |         |         |   -0.172|         |
numWords_bcd<0><0>|         |         |    1.179|    1.179|
numWords_bcd<0><1>|         |         |    2.750|    2.750|
numWords_bcd<0><2>|         |         |    2.610|    2.610|
numWords_bcd<0><3>|         |         |    2.533|    2.533|
numWords_bcd<1><0>|         |         |    4.491|    4.491|
numWords_bcd<1><1>|         |         |    4.402|    4.402|
numWords_bcd<1><2>|         |         |    4.376|    4.376|
numWords_bcd<1><3>|         |         |    4.450|    4.450|
numWords_bcd<2><0>|         |         |    5.639|    5.639|
numWords_bcd<2><1>|         |         |    5.900|    5.900|
numWords_bcd<2><2>|         |         |    5.591|    5.591|
numWords_bcd<2><3>|         |         |    5.465|    5.465|
reset             |         |         |    2.763|    2.763|
------------------+---------+---------+---------+---------+

Clock to Setup on destination clock numWords_bcd<0><3>
------------------+---------+---------+---------+---------+
                  | Src:Rise| Src:Fall| Src:Rise| Src:Fall|
Source Clock      |Dest:Rise|Dest:Rise|Dest:Fall|Dest:Fall|
------------------+---------+---------+---------+---------+
clk               |         |         |   -0.172|         |
numWords_bcd<0><0>|         |         |    1.250|    1.250|
numWords_bcd<0><1>|         |         |    2.821|    2.821|
numWords_bcd<0><2>|         |         |    2.681|    2.681|
numWords_bcd<0><3>|         |         |    2.604|    2.604|
numWords_bcd<1><0>|         |         |    4.562|    4.562|
numWords_bcd<1><1>|         |         |    4.473|    4.473|
numWords_bcd<1><2>|         |         |    4.447|    4.447|
numWords_bcd<1><3>|         |         |    4.521|    4.521|
numWords_bcd<2><0>|         |         |    5.710|    5.710|
numWords_bcd<2><1>|         |         |    5.971|    5.971|
numWords_bcd<2><2>|         |         |    5.662|    5.662|
numWords_bcd<2><3>|         |         |    5.536|    5.536|
reset             |         |         |    2.834|    2.834|
------------------+---------+---------+---------+---------+

Clock to Setup on destination clock numWords_bcd<1><0>
------------------+---------+---------+---------+---------+
                  | Src:Rise| Src:Fall| Src:Rise| Src:Fall|
Source Clock      |Dest:Rise|Dest:Rise|Dest:Fall|Dest:Fall|
------------------+---------+---------+---------+---------+
clk               |         |         |   -0.172|         |
numWords_bcd<0><0>|         |         |    0.748|    0.748|
numWords_bcd<0><1>|         |         |    2.319|    2.319|
numWords_bcd<0><2>|         |         |    2.179|    2.179|
numWords_bcd<0><3>|         |         |    2.102|    2.102|
numWords_bcd<1><0>|         |         |    4.060|    4.060|
numWords_bcd<1><1>|         |         |    3.971|    3.971|
numWords_bcd<1><2>|         |         |    3.945|    3.945|
numWords_bcd<1><3>|         |         |    4.019|    4.019|
numWords_bcd<2><0>|         |         |    5.208|    5.208|
numWords_bcd<2><1>|         |         |    5.469|    5.469|
numWords_bcd<2><2>|         |         |    5.160|    5.160|
numWords_bcd<2><3>|         |         |    5.034|    5.034|
reset             |         |         |    2.332|    2.332|
------------------+---------+---------+---------+---------+

Clock to Setup on destination clock numWords_bcd<1><1>
------------------+---------+---------+---------+---------+
                  | Src:Rise| Src:Fall| Src:Rise| Src:Fall|
Source Clock      |Dest:Rise|Dest:Rise|Dest:Fall|Dest:Fall|
------------------+---------+---------+---------+---------+
clk               |         |         |   -0.172|         |
numWords_bcd<0><0>|         |         |    0.071|    0.071|
numWords_bcd<0><1>|         |         |    1.642|    1.642|
numWords_bcd<0><2>|         |         |    1.502|    1.502|
numWords_bcd<0><3>|         |         |    1.425|    1.425|
numWords_bcd<1><0>|         |         |    3.383|    3.383|
numWords_bcd<1><1>|         |         |    3.294|    3.294|
numWords_bcd<1><2>|         |         |    3.268|    3.268|
numWords_bcd<1><3>|         |         |    3.342|    3.342|
numWords_bcd<2><0>|         |         |    4.531|    4.531|
numWords_bcd<2><1>|         |         |    4.792|    4.792|
numWords_bcd<2><2>|         |         |    4.483|    4.483|
numWords_bcd<2><3>|         |         |    4.357|    4.357|
reset             |         |         |    1.655|    1.655|
------------------+---------+---------+---------+---------+

Clock to Setup on destination clock numWords_bcd<1><2>
------------------+---------+---------+---------+---------+
                  | Src:Rise| Src:Fall| Src:Rise| Src:Fall|
Source Clock      |Dest:Rise|Dest:Rise|Dest:Fall|Dest:Fall|
------------------+---------+---------+---------+---------+
clk               |         |         |   -0.172|         |
numWords_bcd<0><0>|         |         |    0.038|    0.038|
numWords_bcd<0><1>|         |         |    1.609|    1.609|
numWords_bcd<0><2>|         |         |    1.469|    1.469|
numWords_bcd<0><3>|         |         |    1.392|    1.392|
numWords_bcd<1><0>|         |         |    3.350|    3.350|
numWords_bcd<1><1>|         |         |    3.261|    3.261|
numWords_bcd<1><2>|         |         |    3.235|    3.235|
numWords_bcd<1><3>|         |         |    3.309|    3.309|
numWords_bcd<2><0>|         |         |    4.498|    4.498|
numWords_bcd<2><1>|         |         |    4.759|    4.759|
numWords_bcd<2><2>|         |         |    4.450|    4.450|
numWords_bcd<2><3>|         |         |    4.324|    4.324|
reset             |         |         |    1.622|    1.622|
------------------+---------+---------+---------+---------+

Clock to Setup on destination clock numWords_bcd<1><3>
------------------+---------+---------+---------+---------+
                  | Src:Rise| Src:Fall| Src:Rise| Src:Fall|
Source Clock      |Dest:Rise|Dest:Rise|Dest:Fall|Dest:Fall|
------------------+---------+---------+---------+---------+
clk               |         |         |   -0.172|         |
numWords_bcd<0><0>|         |         |    0.014|    0.014|
numWords_bcd<0><1>|         |         |    1.583|    1.583|
numWords_bcd<0><2>|         |         |    1.443|    1.443|
numWords_bcd<0><3>|         |         |    1.366|    1.366|
numWords_bcd<1><0>|         |         |    3.324|    3.324|
numWords_bcd<1><1>|         |         |    3.235|    3.235|
numWords_bcd<1><2>|         |         |    3.209|    3.209|
numWords_bcd<1><3>|         |         |    3.283|    3.283|
numWords_bcd<2><0>|         |         |    4.472|    4.472|
numWords_bcd<2><1>|         |         |    4.733|    4.733|
numWords_bcd<2><2>|         |         |    4.424|    4.424|
numWords_bcd<2><3>|         |         |    4.298|    4.298|
reset             |         |         |    1.596|    1.596|
------------------+---------+---------+---------+---------+

Clock to Setup on destination clock numWords_bcd<2><0>
------------------+---------+---------+---------+---------+
                  | Src:Rise| Src:Fall| Src:Rise| Src:Fall|
Source Clock      |Dest:Rise|Dest:Rise|Dest:Fall|Dest:Fall|
------------------+---------+---------+---------+---------+
clk               |         |         |   -0.172|         |
numWords_bcd<0><0>|         |         |   -0.409|   -0.409|
numWords_bcd<0><1>|         |         |    0.844|    0.844|
numWords_bcd<0><2>|         |         |    0.704|    0.704|
numWords_bcd<0><3>|         |         |    0.627|    0.627|
numWords_bcd<1><0>|         |         |    2.585|    2.585|
numWords_bcd<1><1>|         |         |    2.496|    2.496|
numWords_bcd<1><2>|         |         |    2.470|    2.470|
numWords_bcd<1><3>|         |         |    2.544|    2.544|
numWords_bcd<2><0>|         |         |    3.733|    3.733|
numWords_bcd<2><1>|         |         |    3.994|    3.994|
numWords_bcd<2><2>|         |         |    3.685|    3.685|
numWords_bcd<2><3>|         |         |    3.559|    3.559|
reset             |         |         |    0.857|    0.857|
------------------+---------+---------+---------+---------+

Clock to Setup on destination clock numWords_bcd<2><1>
------------------+---------+---------+---------+---------+
                  | Src:Rise| Src:Fall| Src:Rise| Src:Fall|
Source Clock      |Dest:Rise|Dest:Rise|Dest:Fall|Dest:Fall|
------------------+---------+---------+---------+---------+
clk               |         |         |   -0.172|         |
numWords_bcd<0><0>|         |         |    0.354|    0.354|
numWords_bcd<0><1>|         |         |    1.925|    1.925|
numWords_bcd<0><2>|         |         |    1.785|    1.785|
numWords_bcd<0><3>|         |         |    1.708|    1.708|
numWords_bcd<1><0>|         |         |    3.666|    3.666|
numWords_bcd<1><1>|         |         |    3.577|    3.577|
numWords_bcd<1><2>|         |         |    3.551|    3.551|
numWords_bcd<1><3>|         |         |    3.625|    3.625|
numWords_bcd<2><0>|         |         |    4.814|    4.814|
numWords_bcd<2><1>|         |         |    5.075|    5.075|
numWords_bcd<2><2>|         |         |    4.766|    4.766|
numWords_bcd<2><3>|         |         |    4.640|    4.640|
reset             |         |         |    1.938|    1.938|
------------------+---------+---------+---------+---------+

Clock to Setup on destination clock numWords_bcd<2><2>
------------------+---------+---------+---------+---------+
                  | Src:Rise| Src:Fall| Src:Rise| Src:Fall|
Source Clock      |Dest:Rise|Dest:Rise|Dest:Fall|Dest:Fall|
------------------+---------+---------+---------+---------+
clk               |         |         |   -0.172|         |
numWords_bcd<0><0>|         |         |   -0.294|   -0.294|
numWords_bcd<0><1>|         |         |    1.005|    1.005|
numWords_bcd<0><2>|         |         |    0.865|    0.865|
numWords_bcd<0><3>|         |         |    0.788|    0.788|
numWords_bcd<1><0>|         |         |    2.746|    2.746|
numWords_bcd<1><1>|         |         |    2.657|    2.657|
numWords_bcd<1><2>|         |         |    2.631|    2.631|
numWords_bcd<1><3>|         |         |    2.705|    2.705|
numWords_bcd<2><0>|         |         |    3.894|    3.894|
numWords_bcd<2><1>|         |         |    4.155|    4.155|
numWords_bcd<2><2>|         |         |    3.846|    3.846|
numWords_bcd<2><3>|         |         |    3.720|    3.720|
reset             |         |         |    1.018|    1.018|
------------------+---------+---------+---------+---------+

Clock to Setup on destination clock numWords_bcd<2><3>
------------------+---------+---------+---------+---------+
                  | Src:Rise| Src:Fall| Src:Rise| Src:Fall|
Source Clock      |Dest:Rise|Dest:Rise|Dest:Fall|Dest:Fall|
------------------+---------+---------+---------+---------+
clk               |         |         |   -0.172|         |
numWords_bcd<0><0>|         |         |   -0.386|   -0.386|
numWords_bcd<0><1>|         |         |    0.802|    0.802|
numWords_bcd<0><2>|         |         |    0.662|    0.662|
numWords_bcd<0><3>|         |         |    0.585|    0.585|
numWords_bcd<1><0>|         |         |    2.543|    2.543|
numWords_bcd<1><1>|         |         |    2.454|    2.454|
numWords_bcd<1><2>|         |         |    2.428|    2.428|
numWords_bcd<1><3>|         |         |    2.502|    2.502|
numWords_bcd<2><0>|         |         |    3.691|    3.691|
numWords_bcd<2><1>|         |         |    3.952|    3.952|
numWords_bcd<2><2>|         |         |    3.643|    3.643|
numWords_bcd<2><3>|         |         |    3.517|    3.517|
reset             |         |         |    0.815|    0.815|
------------------+---------+---------+---------+---------+

Clock to Setup on destination clock reset
------------------+---------+---------+---------+---------+
                  | Src:Rise| Src:Fall| Src:Rise| Src:Fall|
Source Clock      |Dest:Rise|Dest:Rise|Dest:Fall|Dest:Fall|
------------------+---------+---------+---------+---------+
clk               |         |         |   -0.172|         |
numWords_bcd<0><0>|         |         |    1.801|    1.801|
numWords_bcd<0><1>|         |         |    3.372|    3.372|
numWords_bcd<0><2>|         |         |    3.232|    3.232|
numWords_bcd<0><3>|         |         |    3.155|    3.155|
numWords_bcd<1><0>|         |         |    5.113|    5.113|
numWords_bcd<1><1>|         |         |    5.024|    5.024|
numWords_bcd<1><2>|         |         |    4.998|    4.998|
numWords_bcd<1><3>|         |         |    5.072|    5.072|
numWords_bcd<2><0>|         |         |    6.261|    6.261|
numWords_bcd<2><1>|         |         |    6.522|    6.522|
numWords_bcd<2><2>|         |         |    6.213|    6.213|
numWords_bcd<2><3>|         |         |    6.087|    6.087|
reset             |         |         |    3.385|    3.385|
------------------+---------+---------+---------+---------+

Pad to Pad
---------------+---------------+---------+
Source Pad     |Destination Pad|  Delay  |
---------------+---------------+---------+
reset          |maxIndex<0><0> |   12.170|
reset          |maxIndex<0><1> |   12.544|
reset          |maxIndex<0><2> |   12.452|
reset          |maxIndex<0><3> |   12.355|
reset          |maxIndex<1><0> |   11.927|
reset          |maxIndex<1><1> |   12.113|
reset          |maxIndex<1><2> |   12.057|
reset          |maxIndex<1><3> |   12.249|
reset          |maxIndex<2><0> |   12.150|
reset          |maxIndex<2><1> |   12.285|
reset          |maxIndex<2><2> |   12.060|
reset          |maxIndex<2><3> |   12.279|
---------------+---------------+---------+


Analysis completed Wed Mar 22 21:25:24 2017 
--------------------------------------------------------------------------------

Trace Settings:
-------------------------
Trace Settings 

Peak Memory Usage: 175 MB



