Release 14.7 - xst P.20131013 (nt)
Copyright (c) 1995-2013 Xilinx, Inc.  All rights reserved.
--> Parameter TMPDIR set to xst/projnav.tmp


Total REAL time to Xst completion: 0.00 secs
Total CPU time to Xst completion: 0.10 secs
 
--> Parameter xsthdpdir set to xst


Total REAL time to Xst completion: 0.00 secs
Total CPU time to Xst completion: 0.11 secs
 
--> Reading design: tb_cmdProc_interim.prj

TABLE OF CONTENTS
  1) Synthesis Options Summary
  2) HDL Parsing
  3) HDL Elaboration
  4) HDL Synthesis
       4.1) HDL Synthesis Report
  5) Advanced HDL Synthesis
       5.1) Advanced HDL Synthesis Report
  6) Low Level Synthesis
  7) Partition Report
  8) Design Summary
       8.1) Primitive and Black Box Usage
       8.2) Device utilization summary
       8.3) Partition Resource Summary
       8.4) Timing Report
            8.4.1) Clock Information
            8.4.2) Asynchronous Control Signals Information
            8.4.3) Timing Summary
            8.4.4) Timing Details
            8.4.5) Cross Clock Domains Report


=========================================================================
*                      Synthesis Options Summary                        *
=========================================================================
---- Source Parameters
Input File Name                    : "tb_cmdProc_interim.prj"
Ignore Synthesis Constraint File   : NO

---- Target Parameters
Output File Name                   : "tb_cmdProc_interim"
Output Format                      : NGC
Target Device                      : xc6slx16-3-csg324

---- Source Options
Top Module Name                    : tb_cmdProc_interim
Automatic FSM Extraction           : YES
FSM Encoding Algorithm             : Auto
Safe Implementation                : No
FSM Style                          : LUT
RAM Extraction                     : Yes
RAM Style                          : Auto
ROM Extraction                     : Yes
Shift Register Extraction          : YES
ROM Style                          : Auto
Resource Sharing                   : YES
Asynchronous To Synchronous        : NO
Shift Register Minimum Size        : 2
Use DSP Block                      : Auto
Automatic Register Balancing       : No

---- Target Options
LUT Combining                      : Auto
Reduce Control Sets                : Auto
Add IO Buffers                     : YES
Global Maximum Fanout              : 100000
Add Generic Clock Buffer(BUFG)     : 16
Register Duplication               : YES
Optimize Instantiated Primitives   : NO
Use Clock Enable                   : Auto
Use Synchronous Set                : Auto
Use Synchronous Reset              : Auto
Pack IO Registers into IOBs        : Auto
Equivalent register Removal        : YES

---- General Options
Optimization Goal                  : Speed
Optimization Effort                : 1
Power Reduction                    : NO
Keep Hierarchy                     : No
Netlist Hierarchy                  : As_Optimized
RTL Output                         : Yes
Global Optimization                : AllClockNets
Read Cores                         : YES
Write Timing Constraints           : NO
Cross Clock Analysis               : NO
Hierarchy Separator                : /
Bus Delimiter                      : <>
Case Specifier                     : Maintain
Slice Utilization Ratio            : 100
BRAM Utilization Ratio             : 100
DSP48 Utilization Ratio            : 100
Auto BRAM Packing                  : NO
Slice Utilization Ratio Delta      : 5

=========================================================================


=========================================================================
*                          HDL Parsing                                  *
=========================================================================
Parsing VHDL file "C:\Users\Naimul Hoque\Documents\Uni Work\Year 2\Digital Design\Assignment 2\UART\Digital-Design-Assignment-2\cmdProcessor\COMMAND_PROCESSOR_SYNTHESISED\common_pack.vhd" into library work
Parsing package <common_pack>.
Parsing VHDL file "C:\Users\Naimul Hoque\Documents\Uni Work\Year 2\Digital Design\Assignment 2\UART\Digital-Design-Assignment-2\cmdProcessor\COMMAND_PROCESSOR_SYNTHESISED\UART_TX_CTRL.vhd" into library work
Parsing entity <UART_TX_CTRL>.
Parsing architecture <Behavioral> of entity <uart_tx_ctrl>.
Parsing VHDL file "C:\Users\Naimul Hoque\Documents\Uni Work\Year 2\Digital Design\Assignment 2\UART\Digital-Design-Assignment-2\cmdProcessor\COMMAND_PROCESSOR_SYNTHESISED\UART_RX_CTRL.vhd" into library work
Parsing entity <UART_RX_CTRL>.
Parsing architecture <RCVR> of entity <uart_rx_ctrl>.
Parsing VHDL file "C:\Users\Naimul Hoque\Documents\Uni Work\Year 2\Digital Design\Assignment 2\UART\Digital-Design-Assignment-2\cmdProcessor\COMMAND_PROCESSOR_SYNTHESISED\cmdProc.vhd" into library work
ERROR:HDLCompiler:104 - "C:\Users\Naimul Hoque\Documents\Uni Work\Year 2\Digital Design\Assignment 2\UART\Digital-Design-Assignment-2\cmdProcessor\COMMAND_PROCESSOR_SYNTHESISED\cmdProc.vhd" Line 8: Cannot find <vpkg> in library <unisim>. Please ensure that the library was compiled, and that a library and a use clause are present in the VHDL file.
Parsing entity <cmdProc>.
ERROR:HDLCompiler:854 - "C:\Users\Naimul Hoque\Documents\Uni Work\Year 2\Digital Design\Assignment 2\UART\Digital-Design-Assignment-2\cmdProcessor\COMMAND_PROCESSOR_SYNTHESISED\cmdProc.vhd" Line 11: Unit <cmdproc> ignored due to previous errors.
Parsing architecture <arch> of entity <cmdproc>.
ERROR:HDLCompiler:374 - "C:\Users\Naimul Hoque\Documents\Uni Work\Year 2\Digital Design\Assignment 2\UART\Digital-Design-Assignment-2\cmdProcessor\COMMAND_PROCESSOR_SYNTHESISED\cmdProc.vhd" Line 33: Entity <cmdproc> is not yet compiled.
ERROR:HDLCompiler:69 - "C:\Users\Naimul Hoque\Documents\Uni Work\Year 2\Digital Design\Assignment 2\UART\Digital-Design-Assignment-2\cmdProcessor\COMMAND_PROCESSOR_SYNTHESISED\cmdProc.vhd" Line 36: <std_logic_vector> is not declared.
ERROR:HDLCompiler:69 - "C:\Users\Naimul Hoque\Documents\Uni Work\Year 2\Digital Design\Assignment 2\UART\Digital-Design-Assignment-2\cmdProcessor\COMMAND_PROCESSOR_SYNTHESISED\cmdProc.vhd" Line 37: <std_logic> is not declared.
ERROR:HDLCompiler:69 - "C:\Users\Naimul Hoque\Documents\Uni Work\Year 2\Digital Design\Assignment 2\UART\Digital-Design-Assignment-2\cmdProcessor\COMMAND_PROCESSOR_SYNTHESISED\cmdProc.vhd" Line 39: <std_logic_vector> is not declared.
ERROR:HDLCompiler:24 - "C:\Users\Naimul Hoque\Documents\Uni Work\Year 2\Digital Design\Assignment 2\UART\Digital-Design-Assignment-2\cmdProcessor\COMMAND_PROCESSOR_SYNTHESISED\cmdProc.vhd" Line 41: "**" expects 2 arguments
ERROR:HDLCompiler:845 - "C:\Users\Naimul Hoque\Documents\Uni Work\Year 2\Digital Design\Assignment 2\UART\Digital-Design-Assignment-2\cmdProcessor\COMMAND_PROCESSOR_SYNTHESISED\cmdProc.vhd" Line 42: Type of aggregate cannot be determined without context ; 0 visible types match here
ERROR:HDLCompiler:69 - "C:\Users\Naimul Hoque\Documents\Uni Work\Year 2\Digital Design\Assignment 2\UART\Digital-Design-Assignment-2\cmdProcessor\COMMAND_PROCESSOR_SYNTHESISED\cmdProc.vhd" Line 50: <std_logic_vector> is not declared.
ERROR:HDLCompiler:69 - "C:\Users\Naimul Hoque\Documents\Uni Work\Year 2\Digital Design\Assignment 2\UART\Digital-Design-Assignment-2\cmdProcessor\COMMAND_PROCESSOR_SYNTHESISED\cmdProc.vhd" Line 52: <msb> is not declared.
ERROR:HDLCompiler:69 - "C:\Users\Naimul Hoque\Documents\Uni Work\Year 2\Digital Design\Assignment 2\UART\Digital-Design-Assignment-2\cmdProcessor\COMMAND_PROCESSOR_SYNTHESISED\cmdProc.vhd" Line 53: <lsb> is not declared.
ERROR:HDLCompiler:69 - "C:\Users\Naimul Hoque\Documents\Uni Work\Year 2\Digital Design\Assignment 2\UART\Digital-Design-Assignment-2\cmdProcessor\COMMAND_PROCESSOR_SYNTHESISED\cmdProc.vhd" Line 54: <hex_1> is not declared.
ERROR:HDLCompiler:69 - "C:\Users\Naimul Hoque\Documents\Uni Work\Year 2\Digital Design\Assignment 2\UART\Digital-Design-Assignment-2\cmdProcessor\COMMAND_PROCESSOR_SYNTHESISED\cmdProc.vhd" Line 55: <hex_2> is not declared.
ERROR:HDLCompiler:69 - "C:\Users\Naimul Hoque\Documents\Uni Work\Year 2\Digital Design\Assignment 2\UART\Digital-Design-Assignment-2\cmdProcessor\COMMAND_PROCESSOR_SYNTHESISED\cmdProc.vhd" Line 49: <byte> is not declared.
ERROR:HDLCompiler:69 - "C:\Users\Naimul Hoque\Documents\Uni Work\Year 2\Digital Design\Assignment 2\UART\Digital-Design-Assignment-2\cmdProcessor\COMMAND_PROCESSOR_SYNTHESISED\cmdProc.vhd" Line 59: <std_logic_vector> is not declared.
ERROR:HDLCompiler:69 - "C:\Users\Naimul Hoque\Documents\Uni Work\Year 2\Digital Design\Assignment 2\UART\Digital-Design-Assignment-2\cmdProcessor\COMMAND_PROCESSOR_SYNTHESISED\cmdProc.vhd" Line 60: <integer> is not declared.
ERROR:HDLCompiler:69 - "C:\Users\Naimul Hoque\Documents\Uni Work\Year 2\Digital Design\Assignment 2\UART\Digital-Design-Assignment-2\cmdProcessor\COMMAND_PROCESSOR_SYNTHESISED\cmdProc.vhd" Line 61: <std_logic> is not declared.
ERROR:HDLCompiler:69 - "C:\Users\Naimul Hoque\Documents\Uni Work\Year 2\Digital Design\Assignment 2\UART\Digital-Design-Assignment-2\cmdProcessor\COMMAND_PROCESSOR_SYNTHESISED\cmdProc.vhd" Line 64: <b1> is not declared.
ERROR:HDLCompiler:69 - "C:\Users\Naimul Hoque\Documents\Uni Work\Year 2\Digital Design\Assignment 2\UART\Digital-Design-Assignment-2\cmdProcessor\COMMAND_PROCESSOR_SYNTHESISED\cmdProc.vhd" Line 65: <b2> is not declared.
Sorry, too many errors..
--> 

Total memory usage is 222524 kilobytes

Number of errors   :   19 (   0 filtered)
Number of warnings :    0 (   0 filtered)
Number of infos    :    0 (   0 filtered)

