Release 14.7 - xst P.20131013 (nt)
Copyright (c) 1995-2013 Xilinx, Inc.  All rights reserved.
--> Parameter TMPDIR set to xst/projnav.tmp


Total REAL time to Xst completion: 0.00 secs
Total CPU time to Xst completion: 0.11 secs
 
--> Parameter xsthdpdir set to xst


Total REAL time to Xst completion: 0.00 secs
Total CPU time to Xst completion: 0.11 secs
 
--> Reading design: PEAK_DETECTOR.prj

TABLE OF CONTENTS
  1) Synthesis Options Summary
  2) HDL Parsing
  3) HDL Elaboration
  4) HDL Synthesis
       4.1) HDL Synthesis Report
  5) Advanced HDL Synthesis
       5.1) Advanced HDL Synthesis Report
  6) Low Level Synthesis
  7) Partition Report
  8) Design Summary
       8.1) Primitive and Black Box Usage
       8.2) Device utilization summary
       8.3) Partition Resource Summary
       8.4) Timing Report
            8.4.1) Clock Information
            8.4.2) Asynchronous Control Signals Information
            8.4.3) Timing Summary
            8.4.4) Timing Details
            8.4.5) Cross Clock Domains Report


=========================================================================
*                      Synthesis Options Summary                        *
=========================================================================
---- Source Parameters
Input File Name                    : "PEAK_DETECTOR.prj"
Ignore Synthesis Constraint File   : NO

---- Target Parameters
Output File Name                   : "PEAK_DETECTOR"
Output Format                      : NGC
Target Device                      : xc6slx16-3-csg324

---- Source Options
Top Module Name                    : PEAK_DETECTOR
Automatic FSM Extraction           : YES
FSM Encoding Algorithm             : Auto
Safe Implementation                : No
FSM Style                          : LUT
RAM Extraction                     : Yes
RAM Style                          : Auto
ROM Extraction                     : Yes
Shift Register Extraction          : YES
ROM Style                          : Auto
Resource Sharing                   : YES
Asynchronous To Synchronous        : NO
Shift Register Minimum Size        : 2
Use DSP Block                      : Auto
Automatic Register Balancing       : No

---- Target Options
LUT Combining                      : Auto
Reduce Control Sets                : Auto
Add IO Buffers                     : YES
Global Maximum Fanout              : 100000
Add Generic Clock Buffer(BUFG)     : 16
Register Duplication               : YES
Optimize Instantiated Primitives   : NO
Use Clock Enable                   : Auto
Use Synchronous Set                : Auto
Use Synchronous Reset              : Auto
Pack IO Registers into IOBs        : Auto
Equivalent register Removal        : YES

---- General Options
Optimization Goal                  : Speed
Optimization Effort                : 1
Power Reduction                    : NO
Keep Hierarchy                     : No
Netlist Hierarchy                  : As_Optimized
RTL Output                         : Yes
Global Optimization                : AllClockNets
Read Cores                         : YES
Write Timing Constraints           : NO
Cross Clock Analysis               : NO
Hierarchy Separator                : /
Bus Delimiter                      : <>
Case Specifier                     : Maintain
Slice Utilization Ratio            : 100
BRAM Utilization Ratio             : 100
DSP48 Utilization Ratio            : 100
Auto BRAM Packing                  : NO
Slice Utilization Ratio Delta      : 5

---- Other Options
Cores Search Directories           : {"../../../../Netlist files for Xilinx"  }

=========================================================================


=========================================================================
*                          HDL Parsing                                  *
=========================================================================
Parsing VHDL file "C:\Users\Naimul Hoque\Documents\Uni Work\Year 2\Digital Design\Assignment 2\UART\Digital-Design-Assignment-2\dataProcessor\common_pack.vhd" into library work
Parsing package <common_pack>.
Parsing VHDL file "C:\Users\Naimul Hoque\Documents\Uni Work\Year 2\Digital Design\Assignment 2\UART\Digital-Design-Assignment-2\fullSystem\UART_TX_CTRL.vhd" into library work
Parsing entity <UART_TX_CTRL>.
Parsing architecture <Behavioral> of entity <uart_tx_ctrl>.
Parsing VHDL file "C:\Users\Naimul Hoque\Documents\Uni Work\Year 2\Digital Design\Assignment 2\UART\Digital-Design-Assignment-2\fullSystem\UART_RX_CTRL.vhd" into library work
Parsing entity <UART_RX_CTRL>.
Parsing architecture <RCVR> of entity <uart_rx_ctrl>.
Parsing VHDL file "C:\Users\Naimul Hoque\Documents\Uni Work\Year 2\Digital Design\Assignment 2\UART\Digital-Design-Assignment-2\dataProcessor\dataGen.vhd" into library work
Parsing entity <dataGen>.
Parsing architecture <behav> of entity <datagen>.
Parsing VHDL file "C:\Users\Naimul Hoque\Documents\Uni Work\Year 2\Digital Design\Assignment 2\UART\Digital-Design-Assignment-2\dataProcessor\dataConsume.vhd" into library work
Parsing entity <dataConsume>.
Parsing architecture <Behavioral> of entity <dataconsume>.
Parsing VHDL file "C:\Users\Naimul Hoque\Documents\Uni Work\Year 2\Digital Design\Assignment 2\UART\Digital-Design-Assignment-2\fullSystem\test_top.vhd" into library work
Parsing entity <PEAK_DETECTOR>.
Parsing architecture <STRUCT> of entity <peak_detector>.

=========================================================================
*                            HDL Elaboration                            *
=========================================================================

Elaborating entity <PEAK_DETECTOR> (architecture <STRUCT>) from library <work>.

Elaborating entity <dataGen> (architecture <behav>) from library <work>.

Elaborating entity <dataConsume> (architecture <Behavioral>) from library <work>.
WARNING:HDLCompiler:89 - "C:\Users\Naimul Hoque\Documents\Uni Work\Year 2\Digital Design\Assignment 2\UART\Digital-Design-Assignment-2\fullSystem\test_top.vhd" Line 61: <cmdproc> remains a black-box since it has no binding entity.

Elaborating entity <UART_TX_CTRL> (architecture <Behavioral>) from library <work>.
INFO:HDLCompiler:679 - "C:\Users\Naimul Hoque\Documents\Uni Work\Year 2\Digital Design\Assignment 2\UART\Digital-Design-Assignment-2\fullSystem\UART_TX_CTRL.vhd" Line 97. Case statement is complete. others clause is never selected

Elaborating entity <UART_RX_CTRL> (architecture <RCVR>) from library <work>.
INFO:HDLCompiler:679 - "C:\Users\Naimul Hoque\Documents\Uni Work\Year 2\Digital Design\Assignment 2\UART\Digital-Design-Assignment-2\fullSystem\UART_RX_CTRL.vhd" Line 159. Case statement is complete. others clause is never selected

=========================================================================
*                           HDL Synthesis                               *
=========================================================================

Synthesizing Unit <PEAK_DETECTOR>.
    Related source file is "C:\Users\Naimul Hoque\Documents\Uni Work\Year 2\Digital Design\Assignment 2\UART\Digital-Design-Assignment-2\fullSystem\test_top.vhd".
    Summary:
	no macro.
Unit <PEAK_DETECTOR> synthesized.

Synthesizing Unit <dataGen>.
    Related source file is "C:\Users\Naimul Hoque\Documents\Uni Work\Year 2\Digital Design\Assignment 2\UART\Digital-Design-Assignment-2\dataProcessor\dataGen.vhd".
    Found 9-bit register for signal <index>.
    Found 1-bit register for signal <ctrlOut_reg>.
    Found 1-bit register for signal <ctrlIn_delayed>.
    Found 9-bit adder for signal <index[8]_GND_5_o_add_1_OUT> created at line 57.
    Found 9-bit subtractor for signal <GND_5_o_GND_5_o_sub_8_OUT<8:0>> created at line 64.
    Found 512x8-bit Read Only RAM for signal <GND_5_o_X_5_o_wide_mux_8_OUT>
    Summary:
	inferred   1 RAM(s).
	inferred   2 Adder/Subtractor(s).
	inferred  11 D-type flip-flop(s).
	inferred   1 Multiplexer(s).
Unit <dataGen> synthesized.

Synthesizing Unit <dataConsume>.
    Related source file is "C:\Users\Naimul Hoque\Documents\Uni Work\Year 2\Digital Design\Assignment 2\UART\Digital-Design-Assignment-2\dataProcessor\dataConsume.vhd".
    Found 1-bit register for signal <seqDone_reg>.
    Found 1-bit register for signal <dataReady_reg>.
    Found 32-bit register for signal <seq_detectPeak.shiftValue>.
    Found 8-bit register for signal <seq_detectPeak.holdValues<4>>.
    Found 8-bit register for signal <seq_detectPeak.holdValues<5>>.
    Found 8-bit register for signal <seq_detectPeak.holdValues<6>>.
    Found 8-bit register for signal <dataResults_reg<0>>.
    Found 8-bit register for signal <dataResults_reg<1>>.
    Found 8-bit register for signal <dataResults_reg<2>>.
    Found 8-bit register for signal <dataResults_reg<3>>.
    Found 8-bit register for signal <dataResults_reg<4>>.
    Found 8-bit register for signal <dataResults_reg<5>>.
    Found 8-bit register for signal <dataResults_reg<6>>.
    Found 32-bit register for signal <index_max>.
    Found 8-bit register for signal <seq_detectPeak.data_max>.
    Found 32-bit register for signal <index>.
    Found 1-bit register for signal <ctrlOut_reg>.
    Found 8-bit register for signal <byte_reg>.
    Found 2-bit register for signal <curState>.
    Found 1-bit register for signal <ctrlIn_reg>.
    Found finite state machine <FSM_0> for signal <curState>.
    -----------------------------------------------------------------------
    | States             | 4                                              |
    | Transitions        | 7                                              |
    | Inputs             | 3                                              |
    | Outputs            | 4                                              |
    | Clock              | clk (rising_edge)                              |
    | Reset              | reset (positive)                               |
    | Reset type         | synchronous                                    |
    | Reset State        | s0                                             |
    | Power Up State     | s0                                             |
    | Encoding           | auto                                           |
    | Implementation     | LUT                                            |
    -----------------------------------------------------------------------
    Found 4-bit adder for signal <GND_7_o_GND_7_o_add_1_OUT> created at line 1241.
    Found 4-bit adder for signal <GND_7_o_GND_7_o_add_4_OUT> created at line 1241.
    Found 4-bit adder for signal <n0314> created at line 1241.
    Found 4-bit adder for signal <GND_7_o_GND_7_o_add_8_OUT> created at line 1241.
    Found 4-bit adder for signal <GND_7_o_GND_7_o_add_10_OUT> created at line 1241.
    Found 4-bit adder for signal <n0317> created at line 1241.
    Found 4-bit adder for signal <GND_7_o_GND_7_o_add_14_OUT> created at line 1241.
    Found 4-bit adder for signal <GND_7_o_GND_7_o_add_16_OUT> created at line 1241.
    Found 4-bit adder for signal <n0320> created at line 1241.
    Found 4-bit adder for signal <GND_7_o_GND_7_o_add_20_OUT> created at line 1241.
    Found 4-bit adder for signal <GND_7_o_GND_7_o_add_22_OUT> created at line 1241.
    Found 4-bit adder for signal <n0323> created at line 1241.
    Found 4-bit adder for signal <index_max[8]_GND_7_o_add_26_OUT> created at line 1241.
    Found 4-bit adder for signal <GND_7_o_GND_7_o_add_28_OUT> created at line 1241.
    Found 4-bit adder for signal <n0326> created at line 1241.
    Found 4-bit adder for signal <index_max[7]_GND_7_o_add_32_OUT> created at line 1241.
    Found 4-bit adder for signal <GND_7_o_GND_7_o_add_34_OUT> created at line 1241.
    Found 4-bit adder for signal <n0329> created at line 1241.
    Found 4-bit adder for signal <index_max[6]_GND_7_o_add_38_OUT> created at line 1241.
    Found 4-bit adder for signal <GND_7_o_GND_7_o_add_40_OUT> created at line 1241.
    Found 4-bit adder for signal <n0332> created at line 1241.
    Found 4-bit adder for signal <index_max[5]_GND_7_o_add_44_OUT> created at line 1241.
    Found 4-bit adder for signal <GND_7_o_GND_7_o_add_46_OUT> created at line 1241.
    Found 4-bit adder for signal <n0335> created at line 1241.
    Found 4-bit adder for signal <index_max[4]_GND_7_o_add_50_OUT> created at line 1241.
    Found 4-bit adder for signal <index_max[8]_GND_7_o_add_52_OUT> created at line 1241.
    Found 4-bit adder for signal <n0338> created at line 1241.
    Found 12-bit adder for signal <n0529[11:0]> created at line 87.
    Found 13-bit adder for signal <n0467> created at line 87.
    Found 32-bit adder for signal <seq_detectPeak.shiftValue[31]_GND_7_o_add_76_OUT> created at line 154.
    Found 32-bit adder for signal <index[31]_GND_7_o_add_144_OUT> created at line 186.
    Found 4x7-bit multiplier for signal <numWords_reg[2][3]_PWR_8_o_MuLt_59_OUT> created at line 87.
    Found 4x4-bit multiplier for signal <numWords_reg[1][3]_PWR_8_o_MuLt_60_OUT> created at line 87.
    Found 3-bit comparator greater for signal <PWR_8_o_index_max[11]_LessThan_1_o> created at line 50
    Found 4-bit comparator greater for signal <GND_7_o_GND_7_o_LessThan_4_o> created at line 54
    Found 4-bit comparator greater for signal <GND_7_o_GND_7_o_LessThan_6_o> created at line 58
    Found 4-bit comparator greater for signal <GND_7_o_GND_7_o_LessThan_8_o> created at line 50
    Found 4-bit comparator greater for signal <GND_7_o_GND_7_o_LessThan_10_o> created at line 54
    Found 4-bit comparator greater for signal <GND_7_o_GND_7_o_LessThan_12_o> created at line 58
    Found 4-bit comparator greater for signal <GND_7_o_GND_7_o_LessThan_14_o> created at line 50
    Found 4-bit comparator greater for signal <GND_7_o_GND_7_o_LessThan_16_o> created at line 54
    Found 4-bit comparator greater for signal <GND_7_o_GND_7_o_LessThan_18_o> created at line 58
    Found 4-bit comparator greater for signal <GND_7_o_GND_7_o_LessThan_20_o> created at line 50
    Found 4-bit comparator greater for signal <GND_7_o_GND_7_o_LessThan_22_o> created at line 54
    Found 4-bit comparator greater for signal <GND_7_o_GND_7_o_LessThan_24_o> created at line 58
    Found 4-bit comparator greater for signal <GND_7_o_index_max[8]_LessThan_26_o> created at line 50
    Found 4-bit comparator greater for signal <GND_7_o_GND_7_o_LessThan_28_o> created at line 54
    Found 4-bit comparator greater for signal <GND_7_o_GND_7_o_LessThan_30_o> created at line 58
    Found 4-bit comparator greater for signal <GND_7_o_index_max[7]_LessThan_32_o> created at line 50
    Found 4-bit comparator greater for signal <GND_7_o_GND_7_o_LessThan_34_o> created at line 54
    Found 4-bit comparator greater for signal <GND_7_o_GND_7_o_LessThan_36_o> created at line 58
    Found 4-bit comparator greater for signal <GND_7_o_index_max[6]_LessThan_38_o> created at line 50
    Found 4-bit comparator greater for signal <GND_7_o_GND_7_o_LessThan_40_o> created at line 54
    Found 4-bit comparator greater for signal <GND_7_o_GND_7_o_LessThan_42_o> created at line 58
    Found 4-bit comparator greater for signal <GND_7_o_index_max[5]_LessThan_44_o> created at line 50
    Found 4-bit comparator greater for signal <GND_7_o_GND_7_o_LessThan_46_o> created at line 54
    Found 4-bit comparator greater for signal <GND_7_o_GND_7_o_LessThan_48_o> created at line 58
    Found 4-bit comparator greater for signal <GND_7_o_index_max[4]_LessThan_50_o> created at line 50
    Found 4-bit comparator greater for signal <GND_7_o_index_max[8]_LessThan_52_o> created at line 54
    Found 4-bit comparator greater for signal <GND_7_o_GND_7_o_LessThan_54_o> created at line 58
    Found 32-bit comparator greater for signal <numWords_int[31]_index[31]_LessThan_67_o> created at line 108
    Found 8-bit comparator greater for signal <n0176> created at line 157
    Found 32-bit comparator lessequal for signal <GND_7_o_seq_detectPeak.shiftValue[31]_LessThan_79_o> created at line 169
    Found 32-bit comparator equal for signal <numWords_int[31]_index[31]_equal_144_o> created at line 183
    Summary:
	inferred   2 Multiplier(s).
	inferred  31 Adder/Subtractor(s).
	inferred 196 D-type flip-flop(s).
	inferred  31 Comparator(s).
	inferred 118 Multiplexer(s).
	inferred   1 Finite State Machine(s).
Unit <dataConsume> synthesized.

Synthesizing Unit <UART_TX_CTRL>.
    Related source file is "C:\Users\Naimul Hoque\Documents\Uni Work\Year 2\Digital Design\Assignment 2\UART\Digital-Design-Assignment-2\fullSystem\UART_TX_CTRL.vhd".
    Found 14-bit register for signal <bitTmr>.
    Found 31-bit register for signal <bitIndex>.
    Found 10-bit register for signal <txData>.
    Found 1-bit register for signal <txBit>.
    Found 2-bit register for signal <txState>.
    Found finite state machine <FSM_1> for signal <txState>.
    -----------------------------------------------------------------------
    | States             | 3                                              |
    | Transitions        | 6                                              |
    | Inputs             | 3                                              |
    | Outputs            | 3                                              |
    | Clock              | CLK (rising_edge)                              |
    | Power Up State     | rdy                                            |
    | Encoding           | auto                                           |
    | Implementation     | LUT                                            |
    -----------------------------------------------------------------------
    Found 14-bit adder for signal <bitTmr[13]_GND_24_o_add_7_OUT> created at line 112.
    Found 31-bit adder for signal <bitIndex[30]_GND_24_o_add_14_OUT> created at line 127.
    Found 1-bit 10-to-1 multiplexer for signal <bitIndex[3]_X_22_o_Mux_22_o> created at line 147.
    Summary:
	inferred   2 Adder/Subtractor(s).
	inferred  56 D-type flip-flop(s).
	inferred   2 Multiplexer(s).
	inferred   1 Finite State Machine(s).
Unit <UART_TX_CTRL> synthesized.

Synthesizing Unit <UART_RX_CTRL>.
    Related source file is "C:\Users\Naimul Hoque\Documents\Uni Work\Year 2\Digital Design\Assignment 2\UART\Digital-Design-Assignment-2\fullSystem\UART_RX_CTRL.vhd".
    Found 11-bit register for signal <bitTmr>.
    Found 4-bit register for signal <baudClkX8Count>.
    Found 4-bit register for signal <bitCount>.
    Found 10-bit register for signal <rcvShiftReg>.
    Found 8-bit register for signal <rcvDataReg>.
    Found 1-bit register for signal <regFull>.
    Found 3-bit register for signal <currentState>.
    Found finite state machine <FSM_2> for signal <currentState>.
    -----------------------------------------------------------------------
    | States             | 6                                              |
    | Transitions        | 11                                             |
    | Inputs             | 4                                              |
    | Outputs            | 7                                              |
    | Clock              | sysclk (rising_edge)                           |
    | Reset              | reset (positive)                               |
    | Reset type         | synchronous                                    |
    | Reset State        | idle                                           |
    | Power Up State     | idle                                           |
    | Encoding           | auto                                           |
    | Implementation     | LUT                                            |
    -----------------------------------------------------------------------
    Found 4-bit adder for signal <baudClkX8Count[3]_GND_25_o_add_16_OUT> created at line 186.
    Found 11-bit adder for signal <bitTmr[10]_GND_25_o_add_17_OUT> created at line 188.
    Found 4-bit adder for signal <bitCount[3]_GND_25_o_add_29_OUT> created at line 207.
    Summary:
	inferred   3 Adder/Subtractor(s).
	inferred  38 D-type flip-flop(s).
	inferred   6 Multiplexer(s).
	inferred   1 Finite State Machine(s).
Unit <UART_RX_CTRL> synthesized.

=========================================================================
HDL Synthesis Report

Macro Statistics
# RAMs                                                 : 1
 512x8-bit single-port Read Only RAM                   : 1
# Multipliers                                          : 2
 4x4-bit multiplier                                    : 1
 7x4-bit multiplier                                    : 1
# Adders/Subtractors                                   : 38
 11-bit adder                                          : 1
 12-bit adder                                          : 1
 13-bit adder                                          : 1
 14-bit adder                                          : 1
 31-bit adder                                          : 1
 32-bit adder                                          : 2
 4-bit adder                                           : 29
 9-bit adder                                           : 1
 9-bit subtractor                                      : 1
# Registers                                            : 32
 1-bit register                                        : 8
 10-bit register                                       : 2
 11-bit register                                       : 1
 14-bit register                                       : 1
 31-bit register                                       : 1
 32-bit register                                       : 3
 4-bit register                                        : 2
 8-bit register                                        : 13
 9-bit register                                        : 1
# Comparators                                          : 31
 3-bit comparator greater                              : 1
 32-bit comparator equal                               : 1
 32-bit comparator greater                             : 1
 32-bit comparator lessequal                           : 1
 4-bit comparator greater                              : 26
 8-bit comparator greater                              : 1
# Multiplexers                                         : 127
 1-bit 10-to-1 multiplexer                             : 1
 1-bit 2-to-1 multiplexer                              : 97
 11-bit 2-to-1 multiplexer                             : 2
 13-bit 2-to-1 multiplexer                             : 1
 14-bit 2-to-1 multiplexer                             : 1
 16-bit 2-to-1 multiplexer                             : 1
 32-bit 2-to-1 multiplexer                             : 4
 4-bit 2-to-1 multiplexer                              : 5
 8-bit 2-to-1 multiplexer                              : 15
# FSMs                                                 : 3
# Xors                                                 : 2
 1-bit xor2                                            : 2

=========================================================================

=========================================================================
*                       Advanced HDL Synthesis                          *
=========================================================================

Reading core <../../../../Netlist files for Xilinx/cmdProc.ngc>.
Loading core <cmdProc> for timing and area information for instance <cmd>.
WARNING:Xst:1710 - FF/Latch <txData_0> (without init value) has a constant value of 0 in block <tx>. This FF/Latch will be trimmed during the optimization process.
WARNING:Xst:1710 - FF/Latch <txData_9> (without init value) has a constant value of 1 in block <tx>. This FF/Latch will be trimmed during the optimization process.
WARNING:Xst:2677 - Node <index_max_12> of sequential type is unconnected in block <data>.
WARNING:Xst:2677 - Node <index_max_13> of sequential type is unconnected in block <data>.
WARNING:Xst:2677 - Node <index_max_14> of sequential type is unconnected in block <data>.
WARNING:Xst:2677 - Node <index_max_15> of sequential type is unconnected in block <data>.
WARNING:Xst:2677 - Node <index_max_16> of sequential type is unconnected in block <data>.
WARNING:Xst:2677 - Node <index_max_17> of sequential type is unconnected in block <data>.
WARNING:Xst:2677 - Node <index_max_18> of sequential type is unconnected in block <data>.
WARNING:Xst:2677 - Node <index_max_19> of sequential type is unconnected in block <data>.
WARNING:Xst:2677 - Node <index_max_20> of sequential type is unconnected in block <data>.
WARNING:Xst:2677 - Node <index_max_21> of sequential type is unconnected in block <data>.
WARNING:Xst:2677 - Node <index_max_22> of sequential type is unconnected in block <data>.
WARNING:Xst:2677 - Node <index_max_23> of sequential type is unconnected in block <data>.
WARNING:Xst:2677 - Node <index_max_24> of sequential type is unconnected in block <data>.
WARNING:Xst:2677 - Node <index_max_25> of sequential type is unconnected in block <data>.
WARNING:Xst:2677 - Node <index_max_26> of sequential type is unconnected in block <data>.
WARNING:Xst:2677 - Node <index_max_27> of sequential type is unconnected in block <data>.
WARNING:Xst:2677 - Node <index_max_28> of sequential type is unconnected in block <data>.
WARNING:Xst:2677 - Node <index_max_29> of sequential type is unconnected in block <data>.
WARNING:Xst:2677 - Node <index_max_30> of sequential type is unconnected in block <data>.
WARNING:Xst:2677 - Node <index_max_31> of sequential type is unconnected in block <data>.

Synthesizing (advanced) Unit <UART_RX_CTRL>.
The following registers are absorbed into counter <baudClkX8Count>: 1 register on signal <baudClkX8Count>.
The following registers are absorbed into counter <bitCount>: 1 register on signal <bitCount>.
Unit <UART_RX_CTRL> synthesized (advanced).

Synthesizing (advanced) Unit <UART_TX_CTRL>.
The following registers are absorbed into counter <bitTmr>: 1 register on signal <bitTmr>.
The following registers are absorbed into counter <bitIndex>: 1 register on signal <bitIndex>.
Unit <UART_TX_CTRL> synthesized (advanced).

Synthesizing (advanced) Unit <dataConsume>.
The following registers are absorbed into counter <index>: 1 register on signal <index>.
	Multiplier <Mmult_numWords_reg[2][3]_PWR_8_o_MuLt_59_OUT> in block <dataConsume> and adder/subtractor <Madd_n0529[11:0]> in block <dataConsume> are combined into a MAC<Maddsub_numWords_reg[2][3]_PWR_8_o_MuLt_59_OUT>.
Unit <dataConsume> synthesized (advanced).

Synthesizing (advanced) Unit <dataGen>.
The following registers are absorbed into counter <index>: 1 register on signal <index>.
INFO:Xst:3218 - HDL ADVISOR - The RAM <Mram_GND_5_o_X_5_o_wide_mux_8_OUT> will be implemented on LUTs either because you have described an asynchronous read or because of currently unsupported block RAM features. If you have described an asynchronous read, making it synchronous would allow you to take advantage of available block RAM resources, for optimized device usage and improved timings. Please refer to your documentation for coding guidelines.
    -----------------------------------------------------------------------
    | ram_type           | Distributed                         |          |
    -----------------------------------------------------------------------
    | Port A                                                              |
    |     aspect ratio   | 512-word x 8-bit                    |          |
    |     weA            | connected to signal <GND>           | high     |
    |     addrA          | connected to signal <GND_5_o_GND_5_o_sub_8_OUT> |          |
    |     diA            | connected to signal <GND>           |          |
    |     doA            | connected to internal node          |          |
    -----------------------------------------------------------------------
Unit <dataGen> synthesized (advanced).
WARNING:Xst:2677 - Node <index_max_12> of sequential type is unconnected in block <dataConsume>.
WARNING:Xst:2677 - Node <index_max_13> of sequential type is unconnected in block <dataConsume>.
WARNING:Xst:2677 - Node <index_max_14> of sequential type is unconnected in block <dataConsume>.
WARNING:Xst:2677 - Node <index_max_15> of sequential type is unconnected in block <dataConsume>.
WARNING:Xst:2677 - Node <index_max_16> of sequential type is unconnected in block <dataConsume>.
WARNING:Xst:2677 - Node <index_max_17> of sequential type is unconnected in block <dataConsume>.
WARNING:Xst:2677 - Node <index_max_18> of sequential type is unconnected in block <dataConsume>.
WARNING:Xst:2677 - Node <index_max_19> of sequential type is unconnected in block <dataConsume>.
WARNING:Xst:2677 - Node <index_max_20> of sequential type is unconnected in block <dataConsume>.
WARNING:Xst:2677 - Node <index_max_21> of sequential type is unconnected in block <dataConsume>.
WARNING:Xst:2677 - Node <index_max_22> of sequential type is unconnected in block <dataConsume>.
WARNING:Xst:2677 - Node <index_max_23> of sequential type is unconnected in block <dataConsume>.
WARNING:Xst:2677 - Node <index_max_24> of sequential type is unconnected in block <dataConsume>.
WARNING:Xst:2677 - Node <index_max_25> of sequential type is unconnected in block <dataConsume>.
WARNING:Xst:2677 - Node <index_max_26> of sequential type is unconnected in block <dataConsume>.
WARNING:Xst:2677 - Node <index_max_27> of sequential type is unconnected in block <dataConsume>.
WARNING:Xst:2677 - Node <index_max_28> of sequential type is unconnected in block <dataConsume>.
WARNING:Xst:2677 - Node <index_max_29> of sequential type is unconnected in block <dataConsume>.
WARNING:Xst:2677 - Node <index_max_30> of sequential type is unconnected in block <dataConsume>.
WARNING:Xst:2677 - Node <index_max_31> of sequential type is unconnected in block <dataConsume>.

=========================================================================
Advanced HDL Synthesis Report

Macro Statistics
# RAMs                                                 : 1
 512x8-bit single-port distributed Read Only RAM       : 1
# MACs                                                 : 1
 7x4-to-12-bit MAC                                     : 1
# Multipliers                                          : 1
 4x4-bit multiplier                                    : 1
# Adders/Subtractors                                   : 31
 11-bit adder                                          : 1
 13-bit adder                                          : 1
 3-bit adder                                           : 9
 32-bit adder                                          : 1
 4-bit adder                                           : 18
 9-bit subtractor                                      : 1
# Counters                                             : 6
 14-bit up counter                                     : 1
 31-bit up counter                                     : 1
 32-bit up counter                                     : 1
 4-bit up counter                                      : 2
 9-bit up counter                                      : 1
# Registers                                            : 187
 Flip-Flops                                            : 187
# Comparators                                          : 31
 3-bit comparator greater                              : 1
 32-bit comparator equal                               : 1
 32-bit comparator greater                             : 1
 32-bit comparator lessequal                           : 1
 4-bit comparator greater                              : 26
 8-bit comparator greater                              : 1
# Multiplexers                                         : 123
 1-bit 10-to-1 multiplexer                             : 1
 1-bit 2-to-1 multiplexer                              : 97
 11-bit 2-to-1 multiplexer                             : 2
 13-bit 2-to-1 multiplexer                             : 1
 16-bit 2-to-1 multiplexer                             : 1
 32-bit 2-to-1 multiplexer                             : 3
 4-bit 2-to-1 multiplexer                              : 3
 8-bit 2-to-1 multiplexer                              : 15
# FSMs                                                 : 3
# Xors                                                 : 2
 1-bit xor2                                            : 2

=========================================================================

=========================================================================
*                         Low Level Synthesis                           *
=========================================================================
WARNING:Xst:1710 - FF/Latch <txData_0> (without init value) has a constant value of 0 in block <UART_TX_CTRL>. This FF/Latch will be trimmed during the optimization process.
WARNING:Xst:1895 - Due to other FF/Latch trimming, FF/Latch <txData_9> (without init value) has a constant value of 1 in block <UART_TX_CTRL>. This FF/Latch will be trimmed during the optimization process.
Analyzing FSM <MFsm> for best encoding.
Optimizing FSM <data/FSM_0> on signal <curState[1:2]> with user encoding.
-------------------
 State | Encoding
-------------------
 s0    | 00
 s1    | 01
 s2    | 10
 s3    | 11
-------------------
Analyzing FSM <MFsm> for best encoding.
Optimizing FSM <tx/FSM_1> on signal <txState[1:2]> with user encoding.
----------------------
 State    | Encoding
----------------------
 rdy      | 00
 load_bit | 01
 send_bit | 10
----------------------
Analyzing FSM <MFsm> for best encoding.
Optimizing FSM <rx/FSM_2> on signal <currentState[1:3]> with user encoding.
----------------------------
 State          | Encoding
----------------------------
 idle           | 000
 start_detected | 001
 wait_4         | 010
 wait_8         | 011
 recv_data      | 100
 data_ready     | 101
----------------------------
INFO:Xst:2261 - The FF/Latch <dataResults_reg_3_0> in Unit <dataConsume> is equivalent to the following FF/Latch, which will be removed : <seq_detectPeak.data_max_0> 
INFO:Xst:2261 - The FF/Latch <dataResults_reg_3_1> in Unit <dataConsume> is equivalent to the following FF/Latch, which will be removed : <seq_detectPeak.data_max_1> 
INFO:Xst:2261 - The FF/Latch <dataResults_reg_3_2> in Unit <dataConsume> is equivalent to the following FF/Latch, which will be removed : <seq_detectPeak.data_max_2> 
INFO:Xst:2261 - The FF/Latch <dataResults_reg_3_3> in Unit <dataConsume> is equivalent to the following FF/Latch, which will be removed : <seq_detectPeak.data_max_3> 
INFO:Xst:2261 - The FF/Latch <dataResults_reg_3_4> in Unit <dataConsume> is equivalent to the following FF/Latch, which will be removed : <seq_detectPeak.data_max_4> 
INFO:Xst:2261 - The FF/Latch <dataResults_reg_3_5> in Unit <dataConsume> is equivalent to the following FF/Latch, which will be removed : <seq_detectPeak.data_max_5> 
INFO:Xst:2261 - The FF/Latch <dataResults_reg_3_6> in Unit <dataConsume> is equivalent to the following FF/Latch, which will be removed : <seq_detectPeak.data_max_6> 
INFO:Xst:2261 - The FF/Latch <dataResults_reg_3_7> in Unit <dataConsume> is equivalent to the following FF/Latch, which will be removed : <seq_detectPeak.data_max_7> 

Optimizing unit <PEAK_DETECTOR> ...

Optimizing unit <dataGen> ...

Optimizing unit <dataConsume> ...

Optimizing unit <UART_TX_CTRL> ...

Optimizing unit <UART_RX_CTRL> ...
INFO:Xst:2261 - The FF/Latch <gen/index_0> in Unit <PEAK_DETECTOR> is equivalent to the following FF/Latch, which will be removed : <gen/ctrlOut_reg> 

Mapping all equations...
Building and optimizing final netlist ...
Found area constraint ratio of 100 (+ 5) on block PEAK_DETECTOR, actual ratio is 8.

Final Macro Processing ...

=========================================================================
Final Register Report

Macro Statistics
# Registers                                            : 277
 Flip-Flops                                            : 277

=========================================================================

=========================================================================
*                           Partition Report                            *
=========================================================================

Partition Implementation Status
-------------------------------

  No Partitions were found in this design.

-------------------------------

=========================================================================
*                            Design Summary                             *
=========================================================================

Top Level Output File Name         : PEAK_DETECTOR.ngc

Primitive and Black Box Usage:
------------------------------
# BELS                             : 1094
#      GND                         : 1
#      INV                         : 12
#      LUT1                        : 94
#      LUT2                        : 97
#      LUT3                        : 93
#      LUT4                        : 88
#      LUT5                        : 142
#      LUT6                        : 205
#      MUXCY                       : 165
#      MUXF7                       : 37
#      MUXF8                       : 16
#      VCC                         : 1
#      XORCY                       : 143
# FlipFlops/Latches                : 422
#      FD                          : 43
#      FDE                         : 132
#      FDR                         : 38
#      FDRE                        : 88
#      FDS                         : 3
#      FDSE                        : 118
# Clock Buffers                    : 1
#      BUFGP                       : 1
# IO Buffers                       : 3
#      IBUF                        : 2
#      OBUF                        : 1

Device utilization summary:
---------------------------

Selected Device : 6slx16csg324-3 


Slice Logic Utilization: 
 Number of Slice Registers:             422  out of  18224     2%  
 Number of Slice LUTs:                  731  out of   9112     8%  
    Number used as Logic:               731  out of   9112     8%  

Slice Logic Distribution: 
 Number of LUT Flip Flop pairs used:    864
   Number with an unused Flip Flop:     442  out of    864    51%  
   Number with an unused LUT:           133  out of    864    15%  
   Number of fully used LUT-FF pairs:   289  out of    864    33%  
   Number of unique control sets:        25

IO Utilization: 
 Number of IOs:                           4
 Number of bonded IOBs:                   4  out of    232     1%  

Specific Feature Utilization:
 Number of BUFG/BUFGCTRLs:                1  out of     16     6%  

---------------------------
Partition Resource Summary:
---------------------------

  No Partitions were found in this design.

---------------------------


=========================================================================
Timing Report

NOTE: THESE TIMING NUMBERS ARE ONLY A SYNTHESIS ESTIMATE.
      FOR ACCURATE TIMING INFORMATION PLEASE REFER TO THE TRACE REPORT
      GENERATED AFTER PLACE-and-ROUTE.

Clock Information:
------------------
-----------------------------------+------------------------+-------+
Clock Signal                       | Clock buffer(FF name)  | Load  |
-----------------------------------+------------------------+-------+
clk                                | BUFGP                  | 422   |
-----------------------------------+------------------------+-------+

Asynchronous Control Signals Information:
----------------------------------------
No asynchronous control signals found in this design

Timing Summary:
---------------
Speed Grade: -3

   Minimum period: 7.567ns (Maximum Frequency: 132.159MHz)
   Minimum input arrival time before clock: 6.595ns
   Maximum output required time after clock: 3.597ns
   Maximum combinational path delay: No path found

Timing Details:
---------------
All values displayed in nanoseconds (ns)

=========================================================================
Timing constraint: Default period analysis for Clock 'clk'
  Clock period: 7.567ns (frequency: 132.159MHz)
  Total number of paths / destination ports: 118688 / 854
-------------------------------------------------------------------------
Delay:               7.567ns (Levels of Logic = 19)
  Source:            cmd/reg_numWords_bcd_2_3 (FF)
  Destination:       data/curState_FSM_FFd1 (FF)
  Source Clock:      clk rising
  Destination Clock: clk rising

  Data Path: cmd/reg_numWords_bcd_2_3 to data/curState_FSM_FFd1
                                Gate     Net
    Cell:in->out      fanout   Delay   Delay  Logical Name (Net Name)
    ----------------------------------------  ------------
     FDSE:C->Q             3   0.447   0.755  reg_numWords_bcd_2_3 (numWords_bcd<2><3>)
     end scope: 'cmd:numWords_bcd<2><3>'
     LUT2:I0->O            1   0.203   0.000  data/Maddsub_numWords_reg[2][3]_PWR_8_o_MuLt_59_OUT_Madd1_lut<5> (data/Maddsub_numWords_reg[2][3]_PWR_8_o_MuLt_59_OUT_Madd1_lut<5>)
     MUXCY:S->O            1   0.172   0.000  data/Maddsub_numWords_reg[2][3]_PWR_8_o_MuLt_59_OUT_Madd1_cy<5> (data/Maddsub_numWords_reg[2][3]_PWR_8_o_MuLt_59_OUT_Madd1_cy<5>)
     XORCY:CI->O           1   0.180   0.580  data/Maddsub_numWords_reg[2][3]_PWR_8_o_MuLt_59_OUT_Madd1_xor<6> (data/Maddsub_numWords_reg[2][3]_PWR_8_o_MuLt_59_OUT_6)
     LUT5:I4->O            1   0.205   0.000  data/Maddsub_numWords_reg[2][3]_PWR_8_o_MuLt_59_OUT_Madd_lut<6> (data/Maddsub_numWords_reg[2][3]_PWR_8_o_MuLt_59_OUT_Madd_lut<6>)
     MUXCY:S->O            1   0.172   0.000  data/Maddsub_numWords_reg[2][3]_PWR_8_o_MuLt_59_OUT_Madd_cy<6> (data/Maddsub_numWords_reg[2][3]_PWR_8_o_MuLt_59_OUT_Madd_cy<6>)
     XORCY:CI->O           1   0.180   0.580  data/Maddsub_numWords_reg[2][3]_PWR_8_o_MuLt_59_OUT_Madd_xor<7> (data/n0529[11:0]<7>)
     LUT1:I0->O            1   0.205   0.000  data/Madd_n0467_cy<7>_rt (data/Madd_n0467_cy<7>_rt)
     MUXCY:S->O            1   0.172   0.000  data/Madd_n0467_cy<7> (data/Madd_n0467_cy<7>)
     XORCY:CI->O           1   0.180   0.580  data/Madd_n0467_xor<8> (data/n0467<8>)
     LUT2:I1->O            3   0.205   0.651  data/Mmux_numWords_int<12:0>121 (data/numWords_int<8>)
     LUT6:I5->O            1   0.205   0.000  data/Mcompar_numWords_int[31]_index[31]_equal_144_o_lut<2> (data/Mcompar_numWords_int[31]_index[31]_equal_144_o_lut<2>)
     MUXCY:S->O            1   0.172   0.000  data/Mcompar_numWords_int[31]_index[31]_equal_144_o_cy<2> (data/Mcompar_numWords_int[31]_index[31]_equal_144_o_cy<2>)
     MUXCY:CI->O           1   0.019   0.000  data/Mcompar_numWords_int[31]_index[31]_equal_144_o_cy<3> (data/Mcompar_numWords_int[31]_index[31]_equal_144_o_cy<3>)
     MUXCY:CI->O           1   0.019   0.000  data/Mcompar_numWords_int[31]_index[31]_equal_144_o_cy<4> (data/Mcompar_numWords_int[31]_index[31]_equal_144_o_cy<4>)
     MUXCY:CI->O           1   0.019   0.000  data/Mcompar_numWords_int[31]_index[31]_equal_144_o_cy<5> (data/Mcompar_numWords_int[31]_index[31]_equal_144_o_cy<5>)
     MUXCY:CI->O           1   0.019   0.000  data/Mcompar_numWords_int[31]_index[31]_equal_144_o_cy<6> (data/Mcompar_numWords_int[31]_index[31]_equal_144_o_cy<6>)
     MUXCY:CI->O          34   0.019   1.321  data/Mcompar_numWords_int[31]_index[31]_equal_144_o_cy<7> (data/numWords_int[31]_index[31]_equal_144_o)
     LUT5:I4->O            1   0.205   0.000  data/index_30_rstpot (data/index_30_rstpot)
     FD:D                      0.102          data/index_30
    ----------------------------------------
    Total                      7.567ns (3.100ns logic, 4.467ns route)
                                       (41.0% logic, 59.0% route)

=========================================================================
Timing constraint: Default OFFSET IN BEFORE for Clock 'clk'
  Total number of paths / destination ports: 686 / 260
-------------------------------------------------------------------------
Offset:              6.595ns (Levels of Logic = 12)
  Source:            reset (PAD)
  Destination:       data/curState_FSM_FFd1 (FF)
  Destination Clock: clk rising

  Data Path: reset to data/curState_FSM_FFd1
                                Gate     Net
    Cell:in->out      fanout   Delay   Delay  Logical Name (Net Name)
    ----------------------------------------  ------------
     IBUF:I->O           195   1.222   2.153  reset_IBUF (reset_IBUF)
     LUT2:I0->O            3   0.203   0.879  data/Mmux_numWords_int<12:0>14 (data/numWords_int<0>)
     LUT6:I3->O            1   0.205   0.000  data/Mcompar_numWords_int[31]_index[31]_equal_144_o_lut<0> (data/Mcompar_numWords_int[31]_index[31]_equal_144_o_lut<0>)
     MUXCY:S->O            1   0.172   0.000  data/Mcompar_numWords_int[31]_index[31]_equal_144_o_cy<0> (data/Mcompar_numWords_int[31]_index[31]_equal_144_o_cy<0>)
     MUXCY:CI->O           1   0.019   0.000  data/Mcompar_numWords_int[31]_index[31]_equal_144_o_cy<1> (data/Mcompar_numWords_int[31]_index[31]_equal_144_o_cy<1>)
     MUXCY:CI->O           1   0.019   0.000  data/Mcompar_numWords_int[31]_index[31]_equal_144_o_cy<2> (data/Mcompar_numWords_int[31]_index[31]_equal_144_o_cy<2>)
     MUXCY:CI->O           1   0.019   0.000  data/Mcompar_numWords_int[31]_index[31]_equal_144_o_cy<3> (data/Mcompar_numWords_int[31]_index[31]_equal_144_o_cy<3>)
     MUXCY:CI->O           1   0.019   0.000  data/Mcompar_numWords_int[31]_index[31]_equal_144_o_cy<4> (data/Mcompar_numWords_int[31]_index[31]_equal_144_o_cy<4>)
     MUXCY:CI->O           1   0.019   0.000  data/Mcompar_numWords_int[31]_index[31]_equal_144_o_cy<5> (data/Mcompar_numWords_int[31]_index[31]_equal_144_o_cy<5>)
     MUXCY:CI->O           1   0.019   0.000  data/Mcompar_numWords_int[31]_index[31]_equal_144_o_cy<6> (data/Mcompar_numWords_int[31]_index[31]_equal_144_o_cy<6>)
     MUXCY:CI->O          34   0.019   1.321  data/Mcompar_numWords_int[31]_index[31]_equal_144_o_cy<7> (data/numWords_int[31]_index[31]_equal_144_o)
     LUT5:I4->O            1   0.205   0.000  data/index_30_rstpot (data/index_30_rstpot)
     FD:D                      0.102          data/index_30
    ----------------------------------------
    Total                      6.595ns (2.242ns logic, 4.353ns route)
                                       (34.0% logic, 66.0% route)

=========================================================================
Timing constraint: Default OFFSET OUT AFTER for Clock 'clk'
  Total number of paths / destination ports: 1 / 1
-------------------------------------------------------------------------
Offset:              3.597ns (Levels of Logic = 1)
  Source:            tx/txBit (FF)
  Destination:       txdata (PAD)
  Source Clock:      clk rising

  Data Path: tx/txBit to txdata
                                Gate     Net
    Cell:in->out      fanout   Delay   Delay  Logical Name (Net Name)
    ----------------------------------------  ------------
     FDSE:C->Q             1   0.447   0.579  tx/txBit (tx/txBit)
     OBUF:I->O                 2.571          txdata_OBUF (txdata)
    ----------------------------------------
    Total                      3.597ns (3.018ns logic, 0.579ns route)
                                       (83.9% logic, 16.1% route)

=========================================================================

Cross Clock Domains Report:
--------------------------

Clock to Setup on destination clock clk
---------------+---------+---------+---------+---------+
               | Src:Rise| Src:Fall| Src:Rise| Src:Fall|
Source Clock   |Dest:Rise|Dest:Rise|Dest:Fall|Dest:Fall|
---------------+---------+---------+---------+---------+
clk            |    7.567|         |         |         |
---------------+---------+---------+---------+---------+

=========================================================================


Total REAL time to Xst completion: 15.00 secs
Total CPU time to Xst completion: 14.71 secs
 
--> 

Total memory usage is 253408 kilobytes

Number of errors   :    0 (   0 filtered)
Number of warnings :   45 (   0 filtered)
Number of infos    :   10 (   0 filtered)

